{"meta": {"format": 3, "version": "7.10.7", "timestamp": "2025-09-24T13:08:55.889836", "branch_coverage": true, "show_contexts": false}, "files": {"src/cli/main.py": {"executed_lines": [2, 9, 10, 11, 12, 13, 14, 16, 17, 18, 19, 20, 21, 22, 25, 26, 28, 29, 30, 33, 34, 41, 42, 43, 46, 47, 60, 62, 63, 64, 65, 68, 70, 72, 73, 76, 78, 79, 82, 84, 85, 88, 91, 93, 94, 95, 97, 100, 109, 110, 111, 113, 129, 131, 132, 134, 139, 142, 144, 145, 146, 148, 149, 150, 151, 152, 154, 157, 159, 160, 167, 281, 335, 383, 429, 430, 480, 483, 484, 485, 486, 488, 489, 490, 491, 493, 494, 497, 499, 500, 501, 503, 505, 508, 512, 515, 522, 544, 546, 550, 554, 555, 560, 574, 575, 651, 652, 722, 723, 786, 787, 872, 873, 938, 974, 1007, 1049, 1110, 1192, 1244, 1348, 1349, 1374, 1526, 1527, 1533, 1536, 1537, 1538, 1540, 1541, 1543, 1544, 1547, 1548, 1550, 1551, 1552, 1554, 1555, 1558, 1569, 1570, 1571, 1573, 1574, 1576, 1579], "summary": {"covered_lines": 146, "num_statements": 696, "percent_covered": 20.298165137614678, "percent_covered_display": "20", "missing_lines": 550, "excluded_lines": 2, "num_branches": 176, "num_partial_branches": 13, "covered_branches": 31, "missing_branches": 145}, "missing_lines": [77, 83, 89, 170, 171, 172, 173, 174, 175, 176, 179, 181, 185, 187, 188, 189, 191, 192, 193, 197, 198, 203, 204, 207, 208, 209, 210, 211, 212, 215, 218, 219, 220, 222, 223, 224, 227, 228, 230, 231, 233, 235, 238, 239, 240, 242, 251, 252, 257, 259, 260, 261, 262, 267, 272, 273, 274, 275, 278, 283, 284, 287, 288, 289, 290, 291, 292, 293, 298, 299, 300, 301, 303, 304, 309, 314, 315, 320, 325, 330, 332, 337, 339, 342, 349, 350, 353, 355, 359, 360, 365, 370, 372, 373, 374, 376, 377, 378, 379, 380, 387, 388, 391, 393, 394, 397, 398, 400, 402, 409, 411, 412, 414, 415, 417, 419, 420, 421, 422, 423, 424, 426, 509, 516, 519, 520, 524, 525, 532, 533, 538, 541, 547, 548, 551, 556, 564, 565, 566, 567, 568, 569, 570, 571, 600, 602, 605, 607, 608, 609, 611, 612, 615, 618, 622, 623, 629, 630, 635, 636, 638, 641, 642, 643, 644, 646, 647, 648, 665, 666, 668, 671, 674, 675, 680, 681, 684, 687, 688, 691, 693, 696, 697, 699, 700, 701, 703, 704, 706, 707, 709, 710, 711, 713, 714, 716, 718, 719, 729, 732, 761, 762, 765, 766, 773, 774, 777, 782, 783, 793, 795, 798, 841, 844, 845, 846, 848, 849, 850, 851, 852, 854, 855, 858, 859, 862, 865, 867, 896, 898, 900, 901, 902, 903, 905, 906, 907, 908, 910, 911, 912, 913, 915, 916, 917, 918, 920, 921, 922, 923, 925, 926, 927, 928, 930, 931, 932, 933, 935, 940, 942, 944, 945, 947, 955, 956, 957, 959, 960, 962, 966, 967, 968, 969, 970, 971, 976, 978, 979, 983, 988, 989, 991, 994, 995, 996, 997, 999, 1000, 1002, 1003, 1004, 1009, 1011, 1013, 1014, 1016, 1017, 1018, 1020, 1021, 1024, 1026, 1027, 1029, 1031, 1032, 1035, 1036, 1037, 1039, 1041, 1043, 1045, 1046, 1051, 1052, 1054, 1056, 1057, 1059, 1060, 1061, 1063, 1065, 1066, 1068, 1069, 1070, 1072, 1075, 1078, 1082, 1083, 1086, 1088, 1089, 1092, 1093, 1094, 1096, 1098, 1100, 1104, 1106, 1107, 1112, 1114, 1115, 1116, 1118, 1119, 1121, 1122, 1123, 1126, 1139, 1141, 1142, 1146, 1147, 1148, 1151, 1152, 1154, 1155, 1157, 1158, 1159, 1161, 1164, 1165, 1167, 1168, 1169, 1170, 1171, 1174, 1175, 1176, 1177, 1178, 1180, 1182, 1186, 1188, 1189, 1194, 1195, 1197, 1198, 1200, 1201, 1202, 1204, 1206, 1207, 1211, 1212, 1213, 1216, 1217, 1219, 1220, 1221, 1224, 1225, 1227, 1228, 1230, 1231, 1234, 1236, 1238, 1240, 1241, 1246, 1247, 1249, 1251, 1252, 1254, 1255, 1256, 1258, 1260, 1261, 1263, 1264, 1265, 1268, 1269, 1270, 1272, 1275, 1276, 1279, 1282, 1283, 1285, 1286, 1287, 1288, 1289, 1294, 1295, 1298, 1299, 1302, 1304, 1305, 1306, 1307, 1308, 1313, 1315, 1318, 1319, 1323, 1326, 1327, 1330, 1331, 1334, 1335, 1339, 1340, 1342, 1344, 1345, 1364, 1366, 1367, 1368, 1369, 1371, 1376, 1378, 1380, 1381, 1383, 1388, 1389, 1391, 1393, 1394, 1396, 1397, 1399, 1400, 1401, 1402, 1405, 1406, 1409, 1411, 1440, 1441, 1442, 1443, 1444, 1445, 1446, 1447, 1448, 1449, 1458, 1459, 1461, 1462, 1465, 1466, 1467, 1468, 1470, 1473, 1474, 1475, 1478, 1484, 1485, 1486, 1487, 1488, 1489, 1491, 1492, 1494, 1496, 1497, 1498, 1499, 1500, 1501, 1502, 1503, 1504, 1505, 1508, 1509, 1510, 1511, 1512, 1515, 1517, 1518, 1520, 1521, 1522, 1523], "excluded_lines": [1579, 1580], "executed_branches": [[72, 73], [72, 78], [76, 93], [78, 79], [78, 84], [82, 93], [84, 85], [84, 91], [88, 93], [93, 94], [93, 97], [159, 160], [483, 484], [483, 488], [488, 489], [488, 493], [493, 494], [499, 500], [508, 512], [515, 522], [522, 544], [546, 550], [550, 554], [554, 555], [555, 560], [1540, 1541], [1540, 1543], [1550, 1551], [1550, 1554], [1573, 1574], [1573, 1576]], "missing_branches": [[76, 77], [82, 83], [88, 89], [159, 170], [185, 187], [185, 251], [188, 189], [188, 191], [207, 208], [207, 218], [209, 210], [209, 211], [211, 212], [211, 215], [218, 219], [218, 220], [220, 222], [220, 235], [227, 228], [227, 230], [239, 240], [239, 242], [261, 262], [261, 278], [273, 274], [273, 275], [283, 284], [283, 287], [314, 315], [314, 320], [349, 350], [349, 353], [359, -335], [359, 360], [379, 359], [379, 380], [391, 393], [391, 400], [493, 497], [499, 503], [508, 509], [515, 516], [519, 520], [519, 522], [522, 524], [524, 525], [524, 541], [546, 547], [550, 551], [554, -429], [555, 556], [566, 567], [566, 568], [611, 612], [611, 618], [622, -574], [622, 623], [642, 643], [642, 644], [699, 700], [699, 703], [709, 710], [709, 713], [713, 714], [713, 716], [765, 766], [765, 782], [900, 901], [900, 905], [905, 906], [905, 910], [910, 911], [910, 915], [915, 916], [915, 920], [920, 921], [920, 925], [925, 926], [925, 930], [930, 931], [930, 935], [959, 960], [959, 962], [1026, 1027], [1026, 1041], [1031, 1032], [1031, 1039], [1068, 1069], [1068, 1072], [1082, 1083], [1082, 1100], [1088, 1089], [1088, 1098], [1093, 1094], [1093, 1096], [1146, 1147], [1146, 1151], [1157, 1158], [1157, 1161], [1168, 1169], [1168, 1174], [1170, 1168], [1170, 1171], [1174, 1175], [1174, 1182], [1177, 1178], [1177, 1180], [1211, 1212], [1211, 1216], [1230, 1231], [1230, 1236], [1263, 1264], [1263, 1268], [1285, 1286], [1285, 1294], [1305, 1306], [1305, 1313], [1307, 1305], [1307, 1308], [1318, 1319], [1318, 1323], [1339, 1340], [1339, 1342], [1399, 1400], [1399, 1515], [1441, 1442], [1441, 1461], [1444, 1441], [1444, 1445], [1445, 1441], [1445, 1446], [1447, 1445], [1447, 1448], [1461, 1462], [1461, 1470], [1465, 1466], [1465, 1473], [1485, 1486], [1485, 1491], [1487, 1485], [1487, 1488], [1488, 1487], [1488, 1489], [1491, 1492], [1491, 1494]], "functions": {"setup_environment": {"executed_lines": [62, 63, 64, 65], "summary": {"covered_lines": 4, "num_statements": 4, "percent_covered": 100.0, "percent_covered_display": "100", "missing_lines": 0, "excluded_lines": 0, "num_branches": 0, "num_partial_branches": 0, "covered_branches": 0, "missing_branches": 0}, "missing_lines": [], "excluded_lines": [], "executed_branches": [], "missing_branches": []}, "handle_cli_error": {"executed_lines": [70, 72, 73, 76, 78, 79, 82, 84, 85, 88, 91, 93, 94, 95, 97], "summary": {"covered_lines": 15, "num_statements": 18, "percent_covered": 81.25, "percent_covered_display": "81", "missing_lines": 3, "excluded_lines": 0, "num_branches": 14, "num_partial_branches": 3, "covered_branches": 11, "missing_branches": 3}, "missing_lines": [77, 83, 89], "excluded_lines": [], "executed_branches": [[72, 73], [72, 78], [76, 93], [78, 79], [78, 84], [82, 93], [84, 85], [84, 91], [88, 93], [93, 94], [93, 97]], "missing_branches": [[76, 77], [82, 83], [88, 89]]}, "create_config": {"executed_lines": [109, 110, 111, 113], "summary": {"covered_lines": 4, "num_statements": 4, "percent_covered": 100.0, "percent_covered_display": "100", "missing_lines": 0, "excluded_lines": 0, "num_branches": 0, "num_partial_branches": 0, "covered_branches": 0, "missing_branches": 0}, "missing_lines": [], "excluded_lines": [], "executed_branches": [], "missing_branches": []}, "display_header": {"executed_lines": [131, 132, 134, 139], "summary": {"covered_lines": 4, "num_statements": 4, "percent_covered": 100.0, "percent_covered_display": "100", "missing_lines": 0, "excluded_lines": 0, "num_branches": 0, "num_partial_branches": 0, "covered_branches": 0, "missing_branches": 0}, "missing_lines": [], "excluded_lines": [], "executed_branches": [], "missing_branches": []}, "display_config_summary": {"executed_lines": [144, 145, 146, 148, 149, 150, 151, 152, 154], "summary": {"covered_lines": 9, "num_statements": 9, "percent_covered": 100.0, "percent_covered_display": "100", "missing_lines": 0, "excluded_lines": 0, "num_branches": 0, "num_partial_branches": 0, "covered_branches": 0, "missing_branches": 0}, "missing_lines": [], "excluded_lines": [], "executed_branches": [], "missing_branches": []}, "display_matches_table": {"executed_lines": [159, 160, 167], "summary": {"covered_lines": 3, "num_statements": 59, "percent_covered": 4.819277108433735, "percent_covered_display": "5", "missing_lines": 56, "excluded_lines": 0, "num_branches": 24, "num_partial_branches": 1, "covered_branches": 1, "missing_branches": 23}, "missing_lines": [170, 171, 172, 173, 174, 175, 176, 179, 181, 185, 187, 188, 189, 191, 192, 193, 197, 198, 203, 204, 207, 208, 209, 210, 211, 212, 215, 218, 219, 220, 222, 223, 224, 227, 228, 230, 231, 233, 235, 238, 239, 240, 242, 251, 252, 257, 259, 260, 261, 262, 267, 272, 273, 274, 275, 278], "excluded_lines": [], "executed_branches": [[159, 160]], "missing_branches": [[159, 170], [185, 187], [185, 251], [188, 189], [188, 191], [207, 208], [207, 218], [209, 210], [209, 211], [211, 212], [211, 215], [218, 219], [218, 220], [220, 222], [220, 235], [227, 228], [227, 230], [239, 240], [239, 242], [261, 262], [261, 278], [273, 274], [273, 275]]}, "display_statistics": {"executed_lines": [], "summary": {"covered_lines": 0, "num_statements": 22, "percent_covered": 0.0, "percent_covered_display": "0", "missing_lines": 22, "excluded_lines": 0, "num_branches": 4, "num_partial_branches": 0, "covered_branches": 0, "missing_branches": 4}, "missing_lines": [283, 284, 287, 288, 289, 290, 291, 292, 293, 298, 299, 300, 301, 303, 304, 309, 314, 315, 320, 325, 330, 332], "excluded_lines": [], "executed_branches": [], "missing_branches": [[283, 284], [283, 287], [314, 315], [314, 320]]}, "display_upcoming_games": {"executed_lines": [], "summary": {"covered_lines": 0, "num_statements": 19, "percent_covered": 0.0, "percent_covered_display": "0", "missing_lines": 19, "excluded_lines": 0, "num_branches": 6, "num_partial_branches": 0, "covered_branches": 0, "missing_branches": 6}, "missing_lines": [337, 339, 342, 349, 350, 353, 355, 359, 360, 365, 370, 372, 373, 374, 376, 377, 378, 379, 380], "excluded_lines": [], "executed_branches": [], "missing_branches": [[349, 350], [349, 353], [359, -335], [359, 360], [379, 359], [379, 380]]}, "run_scraper": {"executed_lines": [], "summary": {"covered_lines": 0, "num_statements": 22, "percent_covered": 0.0, "percent_covered_display": "0", "missing_lines": 22, "excluded_lines": 0, "num_branches": 2, "num_partial_branches": 0, "covered_branches": 0, "missing_branches": 2}, "missing_lines": [387, 388, 391, 393, 394, 397, 398, 400, 402, 409, 411, 412, 414, 415, 417, 419, 420, 421, 422, 423, 424, 426], "excluded_lines": [], "executed_branches": [], "missing_branches": [[391, 393], [391, 400]]}, "scrape": {"executed_lines": [480, 483, 484, 485, 486, 488, 489, 490, 491, 493, 494, 497, 499, 500, 501, 503, 505, 508, 512, 515, 522, 544, 546, 550, 554, 555, 560], "summary": {"covered_lines": 27, "num_statements": 49, "percent_covered": 51.94805194805195, "percent_covered_display": "52", "missing_lines": 22, "excluded_lines": 0, "num_branches": 28, "num_partial_branches": 9, "covered_branches": 13, "missing_branches": 15}, "missing_lines": [509, 516, 519, 520, 524, 525, 532, 533, 538, 541, 547, 548, 551, 556, 564, 565, 566, 567, 568, 569, 570, 571], "excluded_lines": [], "executed_branches": [[483, 484], [483, 488], [488, 489], [488, 493], [493, 494], [499, 500], [508, 512], [515, 522], [522, 544], [546, 550], [550, 554], [554, 555], [555, 560]], "missing_branches": [[493, 497], [499, 503], [508, 509], [515, 516], [519, 520], [519, 522], [522, 524], [524, 525], [524, 541], [546, 547], [550, 551], [554, -429], [555, 556], [566, 567], [566, 568]]}, "upcoming": {"executed_lines": [], "summary": {"covered_lines": 0, "num_statements": 24, "percent_covered": 0.0, "percent_covered_display": "0", "missing_lines": 24, "excluded_lines": 0, "num_branches": 6, "num_partial_branches": 0, "covered_branches": 0, "missing_branches": 6}, "missing_lines": [600, 602, 605, 607, 608, 609, 611, 612, 615, 618, 622, 623, 629, 630, 635, 636, 638, 641, 642, 643, 644, 646, 647, 648], "excluded_lines": [], "executed_branches": [], "missing_branches": [[611, 612], [611, 618], [622, -574], [622, 623], [642, 643], [642, 644]]}, "interactive": {"executed_lines": [], "summary": {"covered_lines": 0, "num_statements": 30, "percent_covered": 0.0, "percent_covered_display": "0", "missing_lines": 30, "excluded_lines": 0, "num_branches": 6, "num_partial_branches": 0, "covered_branches": 0, "missing_branches": 6}, "missing_lines": [665, 666, 668, 671, 674, 675, 680, 681, 684, 687, 688, 691, 693, 696, 697, 699, 700, 701, 703, 704, 706, 707, 709, 710, 711, 713, 714, 716, 718, 719], "excluded_lines": [], "executed_branches": [], "missing_branches": [[699, 700], [699, 703], [709, 710], [709, 713], [713, 714], [713, 716]]}, "test_quiet": {"executed_lines": [], "summary": {"covered_lines": 0, "num_statements": 11, "percent_covered": 0.0, "percent_covered_display": "0", "missing_lines": 11, "excluded_lines": 0, "num_branches": 2, "num_partial_branches": 0, "covered_branches": 0, "missing_branches": 2}, "missing_lines": [729, 732, 761, 762, 765, 766, 773, 774, 777, 782, 783], "excluded_lines": [], "executed_branches": [], "missing_branches": [[765, 766], [765, 782]]}, "demo": {"executed_lines": [], "summary": {"covered_lines": 0, "num_statements": 19, "percent_covered": 0.0, "percent_covered_display": "0", "missing_lines": 19, "excluded_lines": 0, "num_branches": 0, "num_partial_branches": 0, "covered_branches": 0, "missing_branches": 0}, "missing_lines": [793, 795, 798, 841, 844, 845, 846, 848, 849, 850, 851, 852, 854, 855, 858, 859, 862, 865, 867], "excluded_lines": [], "executed_branches": [], "missing_branches": []}, "debug": {"executed_lines": [], "summary": {"covered_lines": 0, "num_statements": 31, "percent_covered": 0.0, "percent_covered_display": "0", "missing_lines": 31, "excluded_lines": 0, "num_branches": 14, "num_partial_branches": 0, "covered_branches": 0, "missing_branches": 14}, "missing_lines": [896, 898, 900, 901, 902, 903, 905, 906, 907, 908, 910, 911, 912, 913, 915, 916, 917, 918, 920, 921, 922, 923, 925, 926, 927, 928, 930, 931, 932, 933, 935], "excluded_lines": [], "executed_branches": [], "missing_branches": [[900, 901], [900, 905], [905, 906], [905, 910], [910, 911], [910, 915], [915, 916], [915, 920], [920, 921], [920, 925], [925, 926], [925, 930], [930, 931], [930, 935]]}, "test_url_accessibility": {"executed_lines": [], "summary": {"covered_lines": 0, "num_statements": 17, "percent_covered": 0.0, "percent_covered_display": "0", "missing_lines": 17, "excluded_lines": 0, "num_branches": 2, "num_partial_branches": 0, "covered_branches": 0, "missing_branches": 2}, "missing_lines": [940, 942, 944, 945, 947, 955, 956, 957, 959, 960, 962, 966, 967, 968, 969, 970, 971], "excluded_lines": [], "executed_branches": [], "missing_branches": [[959, 960], [959, 962]]}, "test_browser_init": {"executed_lines": [], "summary": {"covered_lines": 0, "num_statements": 16, "percent_covered": 0.0, "percent_covered_display": "0", "missing_lines": 16, "excluded_lines": 0, "num_branches": 0, "num_partial_branches": 0, "covered_branches": 0, "missing_branches": 0}, "missing_lines": [976, 978, 979, 983, 988, 989, 991, 994, 995, 996, 997, 999, 1000, 1002, 1003, 1004], "excluded_lines": [], "executed_branches": [], "missing_branches": []}, "test_navigation": {"executed_lines": [], "summary": {"covered_lines": 0, "num_statements": 23, "percent_covered": 0.0, "percent_covered_display": "0", "missing_lines": 23, "excluded_lines": 0, "num_branches": 4, "num_partial_branches": 0, "covered_branches": 0, "missing_branches": 4}, "missing_lines": [1009, 1011, 1013, 1014, 1016, 1017, 1018, 1020, 1021, 1024, 1026, 1027, 1029, 1031, 1032, 1035, 1036, 1037, 1039, 1041, 1043, 1045, 1046], "excluded_lines": [], "executed_branches": [], "missing_branches": [[1026, 1027], [1026, 1041], [1031, 1032], [1031, 1039]]}, "test_consent_handling": {"executed_lines": [], "summary": {"covered_lines": 0, "num_statements": 31, "percent_covered": 0.0, "percent_covered_display": "0", "missing_lines": 31, "excluded_lines": 0, "num_branches": 8, "num_partial_branches": 0, "covered_branches": 0, "missing_branches": 8}, "missing_lines": [1051, 1052, 1054, 1056, 1057, 1059, 1060, 1061, 1063, 1065, 1066, 1068, 1069, 1070, 1072, 1075, 1078, 1082, 1083, 1086, 1088, 1089, 1092, 1093, 1094, 1096, 1098, 1100, 1104, 1106, 1107], "excluded_lines": [], "executed_branches": [], "missing_branches": [[1068, 1069], [1068, 1072], [1082, 1083], [1082, 1100], [1088, 1089], [1088, 1098], [1093, 1094], [1093, 1096]]}, "test_filters": {"executed_lines": [], "summary": {"covered_lines": 0, "num_statements": 41, "percent_covered": 0.0, "percent_covered_display": "0", "missing_lines": 41, "excluded_lines": 0, "num_branches": 12, "num_partial_branches": 0, "covered_branches": 0, "missing_branches": 12}, "missing_lines": [1112, 1114, 1115, 1116, 1118, 1119, 1121, 1122, 1123, 1126, 1139, 1141, 1142, 1146, 1147, 1148, 1151, 1152, 1154, 1155, 1157, 1158, 1159, 1161, 1164, 1165, 1167, 1168, 1169, 1170, 1171, 1174, 1175, 1176, 1177, 1178, 1180, 1182, 1186, 1188, 1189], "excluded_lines": [], "executed_branches": [], "missing_branches": [[1146, 1147], [1146, 1151], [1157, 1158], [1157, 1161], [1168, 1169], [1168, 1174], [1170, 1168], [1170, 1171], [1174, 1175], [1174, 1182], [1177, 1178], [1177, 1180]]}, "test_extraction": {"executed_lines": [], "summary": {"covered_lines": 0, "num_statements": 29, "percent_covered": 0.0, "percent_covered_display": "0", "missing_lines": 29, "excluded_lines": 0, "num_branches": 4, "num_partial_branches": 0, "covered_branches": 0, "missing_branches": 4}, "missing_lines": [1194, 1195, 1197, 1198, 1200, 1201, 1202, 1204, 1206, 1207, 1211, 1212, 1213, 1216, 1217, 1219, 1220, 1221, 1224, 1225, 1227, 1228, 1230, 1231, 1234, 1236, 1238, 1240, 1241], "excluded_lines": [], "executed_branches": [], "missing_branches": [[1211, 1212], [1211, 1216], [1230, 1231], [1230, 1236]]}, "test_page_inspection": {"executed_lines": [], "summary": {"covered_lines": 0, "num_statements": 54, "percent_covered": 0.0, "percent_covered_display": "0", "missing_lines": 54, "excluded_lines": 0, "num_branches": 12, "num_partial_branches": 0, "covered_branches": 0, "missing_branches": 12}, "missing_lines": [1246, 1247, 1249, 1251, 1252, 1254, 1255, 1256, 1258, 1260, 1261, 1263, 1264, 1265, 1268, 1269, 1270, 1272, 1275, 1276, 1279, 1282, 1283, 1285, 1286, 1287, 1288, 1289, 1294, 1295, 1298, 1299, 1302, 1304, 1305, 1306, 1307, 1308, 1313, 1315, 1318, 1319, 1323, 1326, 1327, 1330, 1331, 1334, 1335, 1339, 1340, 1342, 1344, 1345], "excluded_lines": [], "executed_branches": [], "missing_branches": [[1263, 1264], [1263, 1268], [1285, 1286], [1285, 1294], [1305, 1306], [1305, 1313], [1307, 1305], [1307, 1308], [1318, 1319], [1318, 1323], [1339, 1340], [1339, 1342]]}, "inspect": {"executed_lines": [], "summary": {"covered_lines": 0, "num_statements": 6, "percent_covered": 0.0, "percent_covered_display": "0", "missing_lines": 6, "excluded_lines": 0, "num_branches": 0, "num_partial_branches": 0, "covered_branches": 0, "missing_branches": 0}, "missing_lines": [1364, 1366, 1367, 1368, 1369, 1371], "excluded_lines": [], "executed_branches": [], "missing_branches": []}, "inspect_browser": {"executed_lines": [], "summary": {"covered_lines": 0, "num_statements": 74, "percent_covered": 0.0, "percent_covered_display": "0", "missing_lines": 74, "excluded_lines": 0, "num_branches": 22, "num_partial_branches": 0, "covered_branches": 0, "missing_branches": 22}, "missing_lines": [1376, 1378, 1380, 1381, 1383, 1388, 1389, 1391, 1393, 1394, 1396, 1397, 1399, 1400, 1401, 1402, 1405, 1406, 1409, 1411, 1440, 1441, 1442, 1443, 1444, 1445, 1446, 1447, 1448, 1449, 1458, 1459, 1461, 1462, 1465, 1466, 1467, 1468, 1470, 1473, 1474, 1475, 1478, 1484, 1485, 1486, 1487, 1488, 1489, 1491, 1492, 1494, 1496, 1497, 1498, 1499, 1500, 1501, 1502, 1503, 1504, 1505, 1508, 1509, 1510, 1511, 1512, 1515, 1517, 1518, 1520, 1521, 1522, 1523], "excluded_lines": [], "executed_branches": [], "missing_branches": [[1399, 1400], [1399, 1515], [1441, 1442], [1441, 1461], [1444, 1441], [1444, 1445], [1445, 1441], [1445, 1446], [1447, 1445], [1447, 1448], [1461, 1462], [1461, 1470], [1465, 1466], [1465, 1473], [1485, 1486], [1485, 1491], [1487, 1485], [1487, 1488], [1488, 1487], [1488, 1489], [1491, 1492], [1491, 1494]]}, "config": {"executed_lines": [1533, 1536, 1537, 1538, 1540, 1541, 1543, 1544, 1547, 1548, 1550, 1551, 1552, 1554, 1555, 1558, 1569, 1570, 1571, 1573, 1574, 1576], "summary": {"covered_lines": 22, "num_statements": 22, "percent_covered": 100.0, "percent_covered_display": "100", "missing_lines": 0, "excluded_lines": 0, "num_branches": 6, "num_partial_branches": 0, "covered_branches": 6, "missing_branches": 0}, "missing_lines": [], "excluded_lines": [], "executed_branches": [[1540, 1541], [1540, 1543], [1550, 1551], [1550, 1554], [1573, 1574], [1573, 1576]], "missing_branches": []}, "": {"executed_lines": [2, 9, 10, 11, 12, 13, 14, 16, 17, 18, 19, 20, 21, 22, 25, 26, 28, 29, 30, 33, 34, 41, 42, 43, 46, 47, 60, 68, 100, 129, 142, 157, 281, 335, 383, 429, 430, 574, 575, 651, 652, 722, 723, 786, 787, 872, 873, 938, 974, 1007, 1049, 1110, 1192, 1244, 1348, 1349, 1374, 1526, 1527, 1579], "summary": {"covered_lines": 58, "num_statements": 58, "percent_covered": 100.0, "percent_covered_display": "100", "missing_lines": 0, "excluded_lines": 2, "num_branches": 0, "num_partial_branches": 0, "covered_branches": 0, "missing_branches": 0}, "missing_lines": [], "excluded_lines": [1579, 1580], "executed_branches": [], "missing_branches": []}}, "classes": {"": {"executed_lines": [2, 9, 10, 11, 12, 13, 14, 16, 17, 18, 19, 20, 21, 22, 25, 26, 28, 29, 30, 33, 34, 41, 42, 43, 46, 47, 60, 62, 63, 64, 65, 68, 70, 72, 73, 76, 78, 79, 82, 84, 85, 88, 91, 93, 94, 95, 97, 100, 109, 110, 111, 113, 129, 131, 132, 134, 139, 142, 144, 145, 146, 148, 149, 150, 151, 152, 154, 157, 159, 160, 167, 281, 335, 383, 429, 430, 480, 483, 484, 485, 486, 488, 489, 490, 491, 493, 494, 497, 499, 500, 501, 503, 505, 508, 512, 515, 522, 544, 546, 550, 554, 555, 560, 574, 575, 651, 652, 722, 723, 786, 787, 872, 873, 938, 974, 1007, 1049, 1110, 1192, 1244, 1348, 1349, 1374, 1526, 1527, 1533, 1536, 1537, 1538, 1540, 1541, 1543, 1544, 1547, 1548, 1550, 1551, 1552, 1554, 1555, 1558, 1569, 1570, 1571, 1573, 1574, 1576, 1579], "summary": {"covered_lines": 146, "num_statements": 696, "percent_covered": 20.298165137614678, "percent_covered_display": "20", "missing_lines": 550, "excluded_lines": 2, "num_branches": 176, "num_partial_branches": 13, "covered_branches": 31, "missing_branches": 145}, "missing_lines": [77, 83, 89, 170, 171, 172, 173, 174, 175, 176, 179, 181, 185, 187, 188, 189, 191, 192, 193, 197, 198, 203, 204, 207, 208, 209, 210, 211, 212, 215, 218, 219, 220, 222, 223, 224, 227, 228, 230, 231, 233, 235, 238, 239, 240, 242, 251, 252, 257, 259, 260, 261, 262, 267, 272, 273, 274, 275, 278, 283, 284, 287, 288, 289, 290, 291, 292, 293, 298, 299, 300, 301, 303, 304, 309, 314, 315, 320, 325, 330, 332, 337, 339, 342, 349, 350, 353, 355, 359, 360, 365, 370, 372, 373, 374, 376, 377, 378, 379, 380, 387, 388, 391, 393, 394, 397, 398, 400, 402, 409, 411, 412, 414, 415, 417, 419, 420, 421, 422, 423, 424, 426, 509, 516, 519, 520, 524, 525, 532, 533, 538, 541, 547, 548, 551, 556, 564, 565, 566, 567, 568, 569, 570, 571, 600, 602, 605, 607, 608, 609, 611, 612, 615, 618, 622, 623, 629, 630, 635, 636, 638, 641, 642, 643, 644, 646, 647, 648, 665, 666, 668, 671, 674, 675, 680, 681, 684, 687, 688, 691, 693, 696, 697, 699, 700, 701, 703, 704, 706, 707, 709, 710, 711, 713, 714, 716, 718, 719, 729, 732, 761, 762, 765, 766, 773, 774, 777, 782, 783, 793, 795, 798, 841, 844, 845, 846, 848, 849, 850, 851, 852, 854, 855, 858, 859, 862, 865, 867, 896, 898, 900, 901, 902, 903, 905, 906, 907, 908, 910, 911, 912, 913, 915, 916, 917, 918, 920, 921, 922, 923, 925, 926, 927, 928, 930, 931, 932, 933, 935, 940, 942, 944, 945, 947, 955, 956, 957, 959, 960, 962, 966, 967, 968, 969, 970, 971, 976, 978, 979, 983, 988, 989, 991, 994, 995, 996, 997, 999, 1000, 1002, 1003, 1004, 1009, 1011, 1013, 1014, 1016, 1017, 1018, 1020, 1021, 1024, 1026, 1027, 1029, 1031, 1032, 1035, 1036, 1037, 1039, 1041, 1043, 1045, 1046, 1051, 1052, 1054, 1056, 1057, 1059, 1060, 1061, 1063, 1065, 1066, 1068, 1069, 1070, 1072, 1075, 1078, 1082, 1083, 1086, 1088, 1089, 1092, 1093, 1094, 1096, 1098, 1100, 1104, 1106, 1107, 1112, 1114, 1115, 1116, 1118, 1119, 1121, 1122, 1123, 1126, 1139, 1141, 1142, 1146, 1147, 1148, 1151, 1152, 1154, 1155, 1157, 1158, 1159, 1161, 1164, 1165, 1167, 1168, 1169, 1170, 1171, 1174, 1175, 1176, 1177, 1178, 1180, 1182, 1186, 1188, 1189, 1194, 1195, 1197, 1198, 1200, 1201, 1202, 1204, 1206, 1207, 1211, 1212, 1213, 1216, 1217, 1219, 1220, 1221, 1224, 1225, 1227, 1228, 1230, 1231, 1234, 1236, 1238, 1240, 1241, 1246, 1247, 1249, 1251, 1252, 1254, 1255, 1256, 1258, 1260, 1261, 1263, 1264, 1265, 1268, 1269, 1270, 1272, 1275, 1276, 1279, 1282, 1283, 1285, 1286, 1287, 1288, 1289, 1294, 1295, 1298, 1299, 1302, 1304, 1305, 1306, 1307, 1308, 1313, 1315, 1318, 1319, 1323, 1326, 1327, 1330, 1331, 1334, 1335, 1339, 1340, 1342, 1344, 1345, 1364, 1366, 1367, 1368, 1369, 1371, 1376, 1378, 1380, 1381, 1383, 1388, 1389, 1391, 1393, 1394, 1396, 1397, 1399, 1400, 1401, 1402, 1405, 1406, 1409, 1411, 1440, 1441, 1442, 1443, 1444, 1445, 1446, 1447, 1448, 1449, 1458, 1459, 1461, 1462, 1465, 1466, 1467, 1468, 1470, 1473, 1474, 1475, 1478, 1484, 1485, 1486, 1487, 1488, 1489, 1491, 1492, 1494, 1496, 1497, 1498, 1499, 1500, 1501, 1502, 1503, 1504, 1505, 1508, 1509, 1510, 1511, 1512, 1515, 1517, 1518, 1520, 1521, 1522, 1523], "excluded_lines": [1579, 1580], "executed_branches": [[72, 73], [72, 78], [76, 93], [78, 79], [78, 84], [82, 93], [84, 85], [84, 91], [88, 93], [93, 94], [93, 97], [159, 160], [483, 484], [483, 488], [488, 489], [488, 493], [493, 494], [499, 500], [508, 512], [515, 522], [522, 544], [546, 550], [550, 554], [554, 555], [555, 560], [1540, 1541], [1540, 1543], [1550, 1551], [1550, 1554], [1573, 1574], [1573, 1576]], "missing_branches": [[76, 77], [82, 83], [88, 89], [159, 170], [185, 187], [185, 251], [188, 189], [188, 191], [207, 208], [207, 218], [209, 210], [209, 211], [211, 212], [211, 215], [218, 219], [218, 220], [220, 222], [220, 235], [227, 228], [227, 230], [239, 240], [239, 242], [261, 262], [261, 278], [273, 274], [273, 275], [283, 284], [283, 287], [314, 315], [314, 320], [349, 350], [349, 353], [359, -335], [359, 360], [379, 359], [379, 380], [391, 393], [391, 400], [493, 497], [499, 503], [508, 509], [515, 516], [519, 520], [519, 522], [522, 524], [524, 525], [524, 541], [546, 547], [550, 551], [554, -429], [555, 556], [566, 567], [566, 568], [611, 612], [611, 618], [622, -574], [622, 623], [642, 643], [642, 644], [699, 700], [699, 703], [709, 710], [709, 713], [713, 714], [713, 716], [765, 766], [765, 782], [900, 901], [900, 905], [905, 906], [905, 910], [910, 911], [910, 915], [915, 916], [915, 920], [920, 921], [920, 925], [925, 926], [925, 930], [930, 931], [930, 935], [959, 960], [959, 962], [1026, 1027], [1026, 1041], [1031, 1032], [1031, 1039], [1068, 1069], [1068, 1072], [1082, 1083], [1082, 1100], [1088, 1089], [1088, 1098], [1093, 1094], [1093, 1096], [1146, 1147], [1146, 1151], [1157, 1158], [1157, 1161], [1168, 1169], [1168, 1174], [1170, 1168], [1170, 1171], [1174, 1175], [1174, 1182], [1177, 1178], [1177, 1180], [1211, 1212], [1211, 1216], [1230, 1231], [1230, 1236], [1263, 1264], [1263, 1268], [1285, 1286], [1285, 1294], [1305, 1306], [1305, 1313], [1307, 1305], [1307, 1308], [1318, 1319], [1318, 1323], [1339, 1340], [1339, 1342], [1399, 1400], [1399, 1515], [1441, 1442], [1441, 1461], [1444, 1441], [1444, 1445], [1445, 1441], [1445, 1446], [1447, 1445], [1447, 1448], [1461, 1462], [1461, 1470], [1465, 1466], [1465, 1473], [1485, 1486], [1485, 1491], [1487, 1485], [1487, 1488], [1488, 1487], [1488, 1489], [1491, 1492], [1491, 1494]]}}}, "src/scraper/browser.py": {"executed_lines": [1, 8, 9, 10, 12, 19, 21, 23, 26, 27, 29, 37, 38, 39, 40, 41, 47, 48, 55, 56, 57, 58, 59, 61, 63, 64, 72, 75, 90, 99, 101, 103, 104, 108, 109, 111, 113, 114, 116, 117, 118, 120, 122, 124, 125, 126, 127, 129, 130, 131, 133, 134, 135, 137, 139, 140, 145, 146, 148, 149, 150, 151, 153, 154, 155, 156, 161, 162, 166, 167, 168, 169, 171, 183, 184, 185, 194, 196, 197, 201, 203, 211, 212, 217, 218, 229, 230, 231, 235, 237, 241, 244, 245, 249, 250, 251, 253, 267, 269, 270, 275, 277, 278, 280, 281, 285, 298, 312, 314, 316, 317, 319, 323, 325, 326, 345, 364, 366, 368, 371, 380, 381, 383, 385, 386, 405, 419, 421, 423, 426, 431, 433, 437, 457, 470, 472, 474, 475, 477, 479, 484, 504, 517, 519, 521, 522, 524, 525, 527, 528, 529, 530, 532, 537, 551, 552, 562, 563, 564, 565, 567], "summary": {"covered_lines": 156, "num_statements": 190, "percent_covered": 83.33333333333333, "percent_covered_display": "83", "missing_lines": 34, "excluded_lines": 0, "num_branches": 32, "num_partial_branches": 3, "covered_branches": 29, "missing_branches": 3}, "missing_lines": [157, 158, 287, 288, 296, 328, 329, 332, 334, 335, 343, 369, 388, 389, 392, 394, 395, 403, 424, 439, 440, 444, 446, 447, 455, 486, 487, 491, 493, 494, 502, 539, 540, 548], "excluded_lines": [], "executed_branches": [[113, 114], [113, 116], [125, 126], [125, 129], [129, 130], [129, 133], [133, 134], [133, 137], [153, 154], [183, 184], [183, 237], [196, 197], [196, 203], [229, 183], [229, 230], [316, 317], [316, 319], [368, 371], [380, 381], [380, 383], [423, 426], [474, 475], [474, 477], [521, 522], [521, 524], [527, 528], [527, 532], [529, 527], [529, 530]], "missing_branches": [[153, -145], [368, 369], [423, 424]], "functions": {"BrowserConfig.__init__": {"executed_lines": [37, 38, 39, 40, 41], "summary": {"covered_lines": 5, "num_statements": 5, "percent_covered": 100.0, "percent_covered_display": "100", "missing_lines": 0, "excluded_lines": 0, "num_branches": 0, "num_partial_branches": 0, "covered_branches": 0, "missing_branches": 0}, "missing_lines": [], "excluded_lines": [], "executed_branches": [], "missing_branches": []}, "BrowserManager.__init__": {"executed_lines": [56, 57, 58, 59], "summary": {"covered_lines": 4, "num_statements": 4, "percent_covered": 100.0, "percent_covered_display": "100", "missing_lines": 0, "excluded_lines": 0, "num_branches": 0, "num_partial_branches": 0, "covered_branches": 0, "missing_branches": 0}, "missing_lines": [], "excluded_lines": [], "executed_branches": [], "missing_branches": []}, "BrowserManager.initialize": {"executed_lines": [63, 64, 72, 75, 90, 99, 101, 103, 104, 108, 109], "summary": {"covered_lines": 11, "num_statements": 11, "percent_covered": 100.0, "percent_covered_display": "100", "missing_lines": 0, "excluded_lines": 0, "num_branches": 0, "num_partial_branches": 0, "covered_branches": 0, "missing_branches": 0}, "missing_lines": [], "excluded_lines": [], "executed_branches": [], "missing_branches": []}, "BrowserManager.new_page": {"executed_lines": [113, 114, 116, 117, 118], "summary": {"covered_lines": 5, "num_statements": 5, "percent_covered": 100.0, "percent_covered_display": "100", "missing_lines": 0, "excluded_lines": 0, "num_branches": 2, "num_partial_branches": 0, "covered_branches": 2, "missing_branches": 0}, "missing_lines": [], "excluded_lines": [], "executed_branches": [[113, 114], [113, 116]], "missing_branches": []}, "BrowserManager.cleanup": {"executed_lines": [122, 124, 125, 126, 127, 129, 130, 131, 133, 134, 135, 137, 139, 140], "summary": {"covered_lines": 14, "num_statements": 14, "percent_covered": 100.0, "percent_covered_display": "100", "missing_lines": 0, "excluded_lines": 0, "num_branches": 6, "num_partial_branches": 0, "covered_branches": 6, "missing_branches": 0}, "missing_lines": [], "excluded_lines": [], "executed_branches": [[125, 126], [125, 129], [129, 130], [129, 133], [133, 134], [133, 137]], "missing_branches": []}, "BrowserManager.get_page": {"executed_lines": [148, 149, 150, 151, 153, 154, 155, 156], "summary": {"covered_lines": 8, "num_statements": 10, "percent_covered": 75.0, "percent_covered_display": "75", "missing_lines": 2, "excluded_lines": 0, "num_branches": 2, "num_partial_branches": 1, "covered_branches": 1, "missing_branches": 1}, "missing_lines": [157, 158], "excluded_lines": [], "executed_branches": [[153, 154]], "missing_branches": [[153, -145]]}, "PageNavigator.__init__": {"executed_lines": [167, 168, 169], "summary": {"covered_lines": 3, "num_statements": 3, "percent_covered": 100.0, "percent_covered_display": "100", "missing_lines": 0, "excluded_lines": 0, "num_branches": 0, "num_partial_branches": 0, "covered_branches": 0, "missing_branches": 0}, "missing_lines": [], "excluded_lines": [], "executed_branches": [], "missing_branches": []}, "PageNavigator.navigate_to": {"executed_lines": [183, 184, 185, 194, 196, 197, 201, 203, 211, 212, 217, 218, 229, 230, 231, 235, 237, 241], "summary": {"covered_lines": 18, "num_statements": 18, "percent_covered": 100.0, "percent_covered_display": "100", "missing_lines": 0, "excluded_lines": 0, "num_branches": 6, "num_partial_branches": 0, "covered_branches": 6, "missing_branches": 0}, "missing_lines": [], "excluded_lines": [], "executed_branches": [[183, 184], [183, 237], [196, 197], [196, 203], [229, 183], [229, 230]], "missing_branches": []}, "ElementInteractor.__init__": {"executed_lines": [250, 251], "summary": {"covered_lines": 2, "num_statements": 2, "percent_covered": 100.0, "percent_covered_display": "100", "missing_lines": 0, "excluded_lines": 0, "num_branches": 0, "num_partial_branches": 0, "covered_branches": 0, "missing_branches": 0}, "missing_lines": [], "excluded_lines": [], "executed_branches": [], "missing_branches": []}, "ElementInteractor.wait_for_element": {"executed_lines": [267, 269, 270, 275, 277, 278, 280, 281, 285], "summary": {"covered_lines": 9, "num_statements": 12, "percent_covered": 75.0, "percent_covered_display": "75", "missing_lines": 3, "excluded_lines": 0, "num_branches": 0, "num_partial_branches": 0, "covered_branches": 0, "missing_branches": 0}, "missing_lines": [287, 288, 296], "excluded_lines": [], "executed_branches": [], "missing_branches": []}, "ElementInteractor.click_element": {"executed_lines": [312, 314, 316, 317, 319, 323, 325, 326], "summary": {"covered_lines": 8, "num_statements": 14, "percent_covered": 62.5, "percent_covered_display": "62", "missing_lines": 6, "excluded_lines": 0, "num_branches": 2, "num_partial_branches": 0, "covered_branches": 2, "missing_branches": 0}, "missing_lines": [328, 329, 332, 334, 335, 343], "excluded_lines": [], "executed_branches": [[316, 317], [316, 319]], "missing_branches": []}, "ElementInteractor.fill_input": {"executed_lines": [364, 366, 368, 371, 380, 381, 383, 385, 386], "summary": {"covered_lines": 9, "num_statements": 16, "percent_covered": 60.0, "percent_covered_display": "60", "missing_lines": 7, "excluded_lines": 0, "num_branches": 4, "num_partial_branches": 1, "covered_branches": 3, "missing_branches": 1}, "missing_lines": [369, 388, 389, 392, 394, 395, 403], "excluded_lines": [], "executed_branches": [[368, 371], [380, 381], [380, 383]], "missing_branches": [[368, 369]]}, "ElementInteractor.select_dropdown_option": {"executed_lines": [419, 421, 423, 426, 431, 433, 437], "summary": {"covered_lines": 7, "num_statements": 14, "percent_covered": 50.0, "percent_covered_display": "50", "missing_lines": 7, "excluded_lines": 0, "num_branches": 2, "num_partial_branches": 1, "covered_branches": 1, "missing_branches": 1}, "missing_lines": [424, 439, 440, 444, 446, 447, 455], "excluded_lines": [], "executed_branches": [[423, 426]], "missing_branches": [[423, 424]]}, "ElementInteractor.get_text_content": {"executed_lines": [470, 472, 474, 475, 477, 479, 484], "summary": {"covered_lines": 7, "num_statements": 13, "percent_covered": 60.0, "percent_covered_display": "60", "missing_lines": 6, "excluded_lines": 0, "num_branches": 2, "num_partial_branches": 0, "covered_branches": 2, "missing_branches": 0}, "missing_lines": [486, 487, 491, 493, 494, 502], "excluded_lines": [], "executed_branches": [[474, 475], [474, 477]], "missing_branches": []}, "ElementInteractor.get_elements_text": {"executed_lines": [517, 519, 521, 522, 524, 525, 527, 528, 529, 530, 532, 537], "summary": {"covered_lines": 12, "num_statements": 15, "percent_covered": 85.71428571428571, "percent_covered_display": "86", "missing_lines": 3, "excluded_lines": 0, "num_branches": 6, "num_partial_branches": 0, "covered_branches": 6, "missing_branches": 0}, "missing_lines": [539, 540, 548], "excluded_lines": [], "executed_branches": [[521, 522], [521, 524], [527, 528], [527, 532], [529, 527], [529, 530]], "missing_branches": []}, "get_browser_manager": {"executed_lines": [562, 563, 564, 565, 567], "summary": {"covered_lines": 5, "num_statements": 5, "percent_covered": 100.0, "percent_covered_display": "100", "missing_lines": 0, "excluded_lines": 0, "num_branches": 0, "num_partial_branches": 0, "covered_branches": 0, "missing_branches": 0}, "missing_lines": [], "excluded_lines": [], "executed_branches": [], "missing_branches": []}, "": {"executed_lines": [1, 8, 9, 10, 12, 19, 21, 23, 26, 27, 29, 47, 48, 55, 61, 111, 120, 145, 146, 161, 162, 166, 171, 244, 245, 249, 253, 298, 345, 405, 457, 504, 551, 552], "summary": {"covered_lines": 29, "num_statements": 29, "percent_covered": 100.0, "percent_covered_display": "100", "missing_lines": 0, "excluded_lines": 0, "num_branches": 0, "num_partial_branches": 0, "covered_branches": 0, "missing_branches": 0}, "missing_lines": [], "excluded_lines": [], "executed_branches": [], "missing_branches": []}}, "classes": {"BrowserConfig": {"executed_lines": [37, 38, 39, 40, 41], "summary": {"covered_lines": 5, "num_statements": 5, "percent_covered": 100.0, "percent_covered_display": "100", "missing_lines": 0, "excluded_lines": 0, "num_branches": 0, "num_partial_branches": 0, "covered_branches": 0, "missing_branches": 0}, "missing_lines": [], "excluded_lines": [], "executed_branches": [], "missing_branches": []}, "BrowserManager": {"executed_lines": [56, 57, 58, 59, 63, 64, 72, 75, 90, 99, 101, 103, 104, 108, 109, 113, 114, 116, 117, 118, 122, 124, 125, 126, 127, 129, 130, 131, 133, 134, 135, 137, 139, 140, 148, 149, 150, 151, 153, 154, 155, 156], "summary": {"covered_lines": 42, "num_statements": 44, "percent_covered": 94.44444444444444, "percent_covered_display": "94", "missing_lines": 2, "excluded_lines": 0, "num_branches": 10, "num_partial_branches": 1, "covered_branches": 9, "missing_branches": 1}, "missing_lines": [157, 158], "excluded_lines": [], "executed_branches": [[113, 114], [113, 116], [125, 126], [125, 129], [129, 130], [129, 133], [133, 134], [133, 137], [153, 154]], "missing_branches": [[153, -145]]}, "PageNavigator": {"executed_lines": [167, 168, 169, 183, 184, 185, 194, 196, 197, 201, 203, 211, 212, 217, 218, 229, 230, 231, 235, 237, 241], "summary": {"covered_lines": 21, "num_statements": 21, "percent_covered": 100.0, "percent_covered_display": "100", "missing_lines": 0, "excluded_lines": 0, "num_branches": 6, "num_partial_branches": 0, "covered_branches": 6, "missing_branches": 0}, "missing_lines": [], "excluded_lines": [], "executed_branches": [[183, 184], [183, 237], [196, 197], [196, 203], [229, 183], [229, 230]], "missing_branches": []}, "ElementInteractor": {"executed_lines": [250, 251, 267, 269, 270, 275, 277, 278, 280, 281, 285, 312, 314, 316, 317, 319, 323, 325, 326, 364, 366, 368, 371, 380, 381, 383, 385, 386, 419, 421, 423, 426, 431, 433, 437, 470, 472, 474, 475, 477, 479, 484, 517, 519, 521, 522, 524, 525, 527, 528, 529, 530, 532, 537], "summary": {"covered_lines": 54, "num_statements": 86, "percent_covered": 66.66666666666667, "percent_covered_display": "67", "missing_lines": 32, "excluded_lines": 0, "num_branches": 16, "num_partial_branches": 2, "covered_branches": 14, "missing_branches": 2}, "missing_lines": [287, 288, 296, 328, 329, 332, 334, 335, 343, 369, 388, 389, 392, 394, 395, 403, 424, 439, 440, 444, 446, 447, 455, 486, 487, 491, 493, 494, 502, 539, 540, 548], "excluded_lines": [], "executed_branches": [[316, 317], [316, 319], [368, 371], [380, 381], [380, 383], [423, 426], [474, 475], [474, 477], [521, 522], [521, 524], [527, 528], [527, 532], [529, 527], [529, 530]], "missing_branches": [[368, 369], [423, 424]]}, "": {"executed_lines": [1, 8, 9, 10, 12, 19, 21, 23, 26, 27, 29, 47, 48, 55, 61, 111, 120, 145, 146, 161, 162, 166, 171, 244, 245, 249, 253, 298, 345, 405, 457, 504, 551, 552, 562, 563, 564, 565, 567], "summary": {"covered_lines": 34, "num_statements": 34, "percent_covered": 100.0, "percent_covered_display": "100", "missing_lines": 0, "excluded_lines": 0, "num_branches": 0, "num_partial_branches": 0, "covered_branches": 0, "missing_branches": 0}, "missing_lines": [], "excluded_lines": [], "executed_branches": [], "missing_branches": []}}}, "src/scraper/calendar_interaction.py": {"executed_lines": [1, 9, 10, 11, 13, 15, 16, 18, 21, 22, 24, 27, 28, 36, 37, 40, 43, 46, 47, 48, 49, 50, 51, 53, 61, 62, 63, 64, 66, 132, 192, 296, 341, 348, 349, 352, 362, 363, 367, 368, 386, 387, 396, 446, 453, 454, 457, 461, 462, 463, 466, 468, 469, 470, 472, 473, 475, 476, 477, 479, 492, 493, 494, 495, 498, 499, 500, 502, 505, 506, 621, 622, 630, 632, 639, 641, 648, 649, 650, 652, 653, 654, 657, 660, 664, 665, 675, 676, 677, 679, 689, 690, 691, 694, 700, 701, 702, 703, 706, 709, 712, 713, 714, 715, 717, 718, 719, 720, 724, 726, 727, 729, 739, 766, 768, 821, 882, 884, 892, 893, 894, 896, 898, 900, 908, 909, 910, 912, 914, 916, 918, 919, 920, 923, 924, 925, 930, 932, 934, 935, 936, 939, 940, 941, 948, 997], "summary": {"covered_lines": 142, "num_statements": 398, "percent_covered": 33.63636363636363, "percent_covered_display": "34", "missing_lines": 256, "excluded_lines": 2, "num_branches": 152, "num_partial_branches": 11, "covered_branches": 43, "missing_branches": 109}, "missing_lines": [73, 74, 77, 86, 87, 89, 90, 91, 94, 102, 103, 106, 113, 116, 120, 122, 123, 125, 126, 130, 142, 143, 152, 153, 154, 155, 157, 158, 160, 171, 172, 175, 176, 178, 179, 181, 182, 190, 202, 203, 206, 207, 208, 211, 214, 215, 217, 218, 219, 223, 226, 234, 235, 237, 238, 239, 243, 246, 248, 252, 253, 254, 256, 257, 260, 261, 263, 264, 265, 272, 274, 275, 279, 283, 285, 286, 294, 307, 308, 314, 315, 316, 319, 322, 323, 324, 326, 327, 329, 330, 339, 369, 374, 377, 381, 382, 384, 389, 390, 394, 412, 413, 419, 420, 423, 424, 426, 427, 429, 431, 432, 433, 442, 507, 508, 509, 512, 513, 514, 517, 518, 524, 525, 526, 527, 528, 529, 532, 533, 534, 536, 537, 540, 543, 544, 550, 551, 552, 553, 554, 555, 558, 559, 560, 562, 563, 566, 569, 576, 577, 578, 579, 580, 581, 582, 583, 584, 586, 587, 594, 596, 597, 600, 601, 602, 603, 605, 606, 607, 609, 610, 612, 616, 618, 619, 666, 667, 668, 669, 670, 671, 673, 707, 721, 722, 779, 780, 782, 784, 785, 788, 790, 791, 793, 794, 797, 798, 801, 802, 803, 806, 808, 810, 811, 819, 832, 833, 835, 837, 840, 841, 842, 843, 845, 846, 849, 851, 852, 854, 855, 858, 859, 862, 863, 864, 867, 869, 871, 872, 880, 926, 928, 942, 944, 955, 957, 960, 961, 964, 965, 967, 968, 972, 973, 974, 977, 979, 981, 982, 985, 987, 989, 991, 992, 993, 994], "excluded_lines": [997, 998], "executed_branches": [[362, 363], [362, 386], [367, 368], [368, 362], [461, 462], [461, 466], [468, 469], [468, 472], [493, 494], [493, 498], [648, 649], [648, 657], [650, 652], [653, 648], [653, 654], [664, 665], [700, 701], [700, 724], [702, 700], [702, 703], [706, 709], [719, 700], [719, 720], [892, 893], [892, 896], [893, 892], [893, 894], [908, 909], [908, 912], [909, 908], [909, 910], [918, 919], [918, 923], [919, 918], [919, 920], [923, 924], [924, 925], [934, 935], [934, 939], [935, 934], [935, 936], [939, 940], [940, 941]], "missing_branches": [[86, 87], [86, 122], [89, 86], [89, 90], [90, 86], [90, 91], [102, 103], [102, 116], [103, 102], [103, 106], [153, 154], [153, 157], [171, 172], [171, 175], [175, 176], [175, 178], [206, 207], [206, 211], [217, 218], [217, 226], [218, 219], [218, 226], [234, 235], [234, 246], [237, 234], [237, 238], [238, 234], [238, 239], [252, 253], [252, 279], [254, 252], [254, 256], [260, 261], [260, 263], [263, 252], [263, 264], [314, 315], [314, 319], [322, 323], [322, 326], [367, 362], [368, 369], [381, 382], [381, 384], [419, 420], [419, 423], [423, 424], [423, 426], [506, 507], [506, 618], [513, 514], [513, 600], [525, 526], [525, 536], [527, 525], [527, 528], [536, 537], [536, 543], [551, 552], [551, 562], [553, 551], [553, 554], [562, 563], [562, 569], [577, 578], [577, 586], [579, 577], [579, 580], [586, 587], [586, 596], [650, 648], [664, 673], [668, 669], [668, 673], [706, 707], [779, 780], [779, 782], [790, 791], [790, 808], [791, 793], [791, 797], [793, 794], [793, 801], [797, 798], [797, 801], [802, 803], [802, 806], [832, 833], [832, 835], [840, 841], [840, 842], [842, 843], [842, 845], [851, 852], [851, 869], [852, 854], [852, 858], [854, 855], [854, 862], [858, 859], [858, 862], [863, 864], [863, 867], [923, 928], [924, 926], [939, 944], [940, 942], [972, 973], [972, 977]], "functions": {"MLSCalendarInteractor.__init__": {"executed_lines": [61, 62, 63, 64], "summary": {"covered_lines": 4, "num_statements": 4, "percent_covered": 100.0, "percent_covered_display": "100", "missing_lines": 0, "excluded_lines": 0, "num_branches": 0, "num_partial_branches": 0, "covered_branches": 0, "missing_branches": 0}, "missing_lines": [], "excluded_lines": [], "executed_branches": [], "missing_branches": []}, "MLSCalendarInteractor.open_calendar_widget": {"executed_lines": [], "summary": {"covered_lines": 0, "num_statements": 20, "percent_covered": 0.0, "percent_covered_display": "0", "missing_lines": 20, "excluded_lines": 0, "num_branches": 10, "num_partial_branches": 0, "covered_branches": 0, "missing_branches": 10}, "missing_lines": [73, 74, 77, 86, 87, 89, 90, 91, 94, 102, 103, 106, 113, 116, 120, 122, 123, 125, 126, 130], "excluded_lines": [], "executed_branches": [], "missing_branches": [[86, 87], [86, 122], [89, 86], [89, 90], [90, 86], [90, 91], [102, 103], [102, 116], [103, 102], [103, 106]]}, "MLSCalendarInteractor.navigate_to_month_year": {"executed_lines": [], "summary": {"covered_lines": 0, "num_statements": 18, "percent_covered": 0.0, "percent_covered_display": "0", "missing_lines": 18, "excluded_lines": 0, "num_branches": 6, "num_partial_branches": 0, "covered_branches": 0, "missing_branches": 6}, "missing_lines": [142, 143, 152, 153, 154, 155, 157, 158, 160, 171, 172, 175, 176, 178, 179, 181, 182, 190], "excluded_lines": [], "executed_branches": [], "missing_branches": [[153, 154], [153, 157], [171, 172], [171, 175], [175, 176], [175, 178]]}, "MLSCalendarInteractor.select_date": {"executed_lines": [], "summary": {"covered_lines": 0, "num_statements": 39, "percent_covered": 0.0, "percent_covered_display": "0", "missing_lines": 39, "excluded_lines": 0, "num_branches": 20, "num_partial_branches": 0, "covered_branches": 0, "missing_branches": 20}, "missing_lines": [202, 203, 206, 207, 208, 211, 214, 215, 217, 218, 219, 223, 226, 234, 235, 237, 238, 239, 243, 246, 248, 252, 253, 254, 256, 257, 260, 261, 263, 264, 265, 272, 274, 275, 279, 283, 285, 286, 294], "excluded_lines": [], "executed_branches": [], "missing_branches": [[206, 207], [206, 211], [217, 218], [217, 226], [218, 219], [218, 226], [234, 235], [234, 246], [237, 234], [237, 238], [238, 234], [238, 239], [252, 253], [252, 279], [254, 252], [254, 256], [260, 261], [260, 263], [263, 252], [263, 264]]}, "MLSCalendarInteractor.select_date_range": {"executed_lines": [], "summary": {"covered_lines": 0, "num_statements": 14, "percent_covered": 0.0, "percent_covered_display": "0", "missing_lines": 14, "excluded_lines": 0, "num_branches": 4, "num_partial_branches": 0, "covered_branches": 0, "missing_branches": 4}, "missing_lines": [307, 308, 314, 315, 316, 319, 322, 323, 324, 326, 327, 329, 330, 339], "excluded_lines": [], "executed_branches": [], "missing_branches": [[314, 315], [314, 319], [322, 323], [322, 326]]}, "MLSCalendarInteractor.apply_date_filter": {"executed_lines": [348, 349, 352, 362, 363, 367, 368, 386, 387], "summary": {"covered_lines": 9, "num_statements": 18, "percent_covered": 50.0, "percent_covered_display": "50", "missing_lines": 9, "excluded_lines": 0, "num_branches": 8, "num_partial_branches": 2, "covered_branches": 4, "missing_branches": 4}, "missing_lines": [369, 374, 377, 381, 382, 384, 389, 390, 394], "excluded_lines": [], "executed_branches": [[362, 363], [362, 386], [367, 368], [368, 362]], "missing_branches": [[367, 362], [368, 369], [381, 382], [381, 384]]}, "MLSCalendarInteractor.set_date_range_filter": {"executed_lines": [], "summary": {"covered_lines": 0, "num_statements": 13, "percent_covered": 0.0, "percent_covered_display": "0", "missing_lines": 13, "excluded_lines": 0, "num_branches": 4, "num_partial_branches": 0, "covered_branches": 0, "missing_branches": 4}, "missing_lines": [412, 413, 419, 420, 423, 424, 426, 427, 429, 431, 432, 433, 442], "excluded_lines": [], "executed_branches": [], "missing_branches": [[419, 420], [419, 423], [423, 424], [423, 426]]}, "MLSCalendarInteractor._access_iframe_content": {"executed_lines": [453, 454, 457, 461, 462, 463, 466, 468, 469, 470, 472, 473, 475, 476, 477], "summary": {"covered_lines": 15, "num_statements": 15, "percent_covered": 100.0, "percent_covered_display": "100", "missing_lines": 0, "excluded_lines": 0, "num_branches": 4, "num_partial_branches": 0, "covered_branches": 4, "missing_branches": 0}, "missing_lines": [], "excluded_lines": [], "executed_branches": [[461, 462], [461, 466], [468, 469], [468, 472]], "missing_branches": []}, "MLSCalendarInteractor._set_date_range_direct_input": {"executed_lines": [492, 493, 494, 495, 498, 499, 500, 502, 505, 506, 621, 622, 630], "summary": {"covered_lines": 13, "num_statements": 75, "percent_covered": 15.151515151515152, "percent_covered_display": "15", "missing_lines": 62, "excluded_lines": 0, "num_branches": 24, "num_partial_branches": 2, "covered_branches": 2, "missing_branches": 22}, "missing_lines": [507, 508, 509, 512, 513, 514, 517, 518, 524, 525, 526, 527, 528, 529, 532, 533, 534, 536, 537, 540, 543, 544, 550, 551, 552, 553, 554, 555, 558, 559, 560, 562, 563, 566, 569, 576, 577, 578, 579, 580, 581, 582, 583, 584, 586, 587, 594, 596, 597, 600, 601, 602, 603, 605, 606, 607, 609, 610, 612, 616, 618, 619], "excluded_lines": [], "executed_branches": [[493, 494], [493, 498]], "missing_branches": [[506, 507], [506, 618], [513, 514], [513, 600], [525, 526], [525, 536], [527, 525], [527, 528], [536, 537], [536, 543], [551, 552], [551, 562], [553, 551], [553, 554], [562, 563], [562, 569], [577, 578], [577, 586], [579, 577], [579, 580], [586, 587], [586, 596]]}, "MLSCalendarInteractor._get_current_month_year": {"executed_lines": [639, 641, 648, 649, 650, 652, 653, 654, 657, 660, 664, 665, 675, 676, 677], "summary": {"covered_lines": 15, "num_statements": 22, "percent_covered": 65.625, "percent_covered_display": "66", "missing_lines": 7, "excluded_lines": 0, "num_branches": 10, "num_partial_branches": 2, "covered_branches": 6, "missing_branches": 4}, "missing_lines": [666, 667, 668, 669, 670, 671, 673], "excluded_lines": [], "executed_branches": [[648, 649], [648, 657], [650, 652], [653, 648], [653, 654], [664, 665]], "missing_branches": [[650, 648], [664, 673], [668, 669], [668, 673]]}, "MLSCalendarInteractor._parse_month_year_text": {"executed_lines": [689, 690, 691, 694, 700, 701, 702, 703, 706, 709, 712, 713, 714, 715, 717, 718, 719, 720, 724, 726, 727], "summary": {"covered_lines": 21, "num_statements": 24, "percent_covered": 87.5, "percent_covered_display": "88", "missing_lines": 3, "excluded_lines": 0, "num_branches": 8, "num_partial_branches": 1, "covered_branches": 7, "missing_branches": 1}, "missing_lines": [707, 721, 722], "excluded_lines": [], "executed_branches": [[700, 701], [700, 724], [702, 700], [702, 703], [706, 709], [719, 700], [719, 720]], "missing_branches": [[706, 707]]}, "MLSCalendarInteractor._parse_month_name": {"executed_lines": [739, 766], "summary": {"covered_lines": 2, "num_statements": 2, "percent_covered": 100.0, "percent_covered_display": "100", "missing_lines": 0, "excluded_lines": 0, "num_branches": 0, "num_partial_branches": 0, "covered_branches": 0, "missing_branches": 0}, "missing_lines": [], "excluded_lines": [], "executed_branches": [], "missing_branches": []}, "MLSCalendarInteractor._navigate_to_year": {"executed_lines": [], "summary": {"covered_lines": 0, "num_statements": 20, "percent_covered": 0.0, "percent_covered_display": "0", "missing_lines": 20, "excluded_lines": 0, "num_branches": 12, "num_partial_branches": 0, "covered_branches": 0, "missing_branches": 12}, "missing_lines": [779, 780, 782, 784, 785, 788, 790, 791, 793, 794, 797, 798, 801, 802, 803, 806, 808, 810, 811, 819], "excluded_lines": [], "executed_branches": [], "missing_branches": [[779, 780], [779, 782], [790, 791], [790, 808], [791, 793], [791, 797], [793, 794], [793, 801], [797, 798], [797, 801], [802, 803], [802, 806]]}, "MLSCalendarInteractor._navigate_to_month": {"executed_lines": [], "summary": {"covered_lines": 0, "num_statements": 25, "percent_covered": 0.0, "percent_covered_display": "0", "missing_lines": 25, "excluded_lines": 0, "num_branches": 16, "num_partial_branches": 0, "covered_branches": 0, "missing_branches": 16}, "missing_lines": [832, 833, 835, 837, 840, 841, 842, 843, 845, 846, 849, 851, 852, 854, 855, 858, 859, 862, 863, 864, 867, 869, 871, 872, 880], "excluded_lines": [], "executed_branches": [], "missing_branches": [[832, 833], [832, 835], [840, 841], [840, 842], [842, 843], [842, 845], [851, 852], [851, 869], [852, 854], [852, 858], [854, 855], [854, 862], [858, 859], [858, 862], [863, 864], [863, 867]]}, "MLSCalendarInteractor._click_next_month": {"executed_lines": [884, 892, 893, 894, 896], "summary": {"covered_lines": 5, "num_statements": 5, "percent_covered": 100.0, "percent_covered_display": "100", "missing_lines": 0, "excluded_lines": 0, "num_branches": 4, "num_partial_branches": 0, "covered_branches": 4, "missing_branches": 0}, "missing_lines": [], "excluded_lines": [], "executed_branches": [[892, 893], [892, 896], [893, 892], [893, 894]], "missing_branches": []}, "MLSCalendarInteractor._click_prev_month": {"executed_lines": [900, 908, 909, 910, 912], "summary": {"covered_lines": 5, "num_statements": 5, "percent_covered": 100.0, "percent_covered_display": "100", "missing_lines": 0, "excluded_lines": 0, "num_branches": 4, "num_partial_branches": 0, "covered_branches": 4, "missing_branches": 0}, "missing_lines": [], "excluded_lines": [], "executed_branches": [[908, 909], [908, 912], [909, 908], [909, 910]], "missing_branches": []}, "MLSCalendarInteractor._click_next_year": {"executed_lines": [916, 918, 919, 920, 923, 924, 925], "summary": {"covered_lines": 7, "num_statements": 9, "percent_covered": 76.47058823529412, "percent_covered_display": "76", "missing_lines": 2, "excluded_lines": 0, "num_branches": 8, "num_partial_branches": 2, "covered_branches": 6, "missing_branches": 2}, "missing_lines": [926, 928], "excluded_lines": [], "executed_branches": [[918, 919], [918, 923], [919, 918], [919, 920], [923, 924], [924, 925]], "missing_branches": [[923, 928], [924, 926]]}, "MLSCalendarInteractor._click_prev_year": {"executed_lines": [932, 934, 935, 936, 939, 940, 941], "summary": {"covered_lines": 7, "num_statements": 9, "percent_covered": 76.47058823529412, "percent_covered_display": "76", "missing_lines": 2, "excluded_lines": 0, "num_branches": 8, "num_partial_branches": 2, "covered_branches": 6, "missing_branches": 2}, "missing_lines": [942, 944], "excluded_lines": [], "executed_branches": [[934, 935], [934, 939], [935, 934], [935, 936], [939, 940], [940, 941]], "missing_branches": [[939, 944], [940, 942]]}, "example_calendar_usage": {"executed_lines": [], "summary": {"covered_lines": 0, "num_statements": 22, "percent_covered": 0.0, "percent_covered_display": "0", "missing_lines": 22, "excluded_lines": 0, "num_branches": 2, "num_partial_branches": 0, "covered_branches": 0, "missing_branches": 2}, "missing_lines": [955, 957, 960, 961, 964, 965, 967, 968, 972, 973, 974, 977, 979, 981, 982, 985, 987, 989, 991, 992, 993, 994], "excluded_lines": [], "executed_branches": [], "missing_branches": [[972, 973], [972, 977]]}, "": {"executed_lines": [1, 9, 10, 11, 13, 15, 16, 18, 21, 22, 24, 27, 28, 36, 37, 40, 43, 46, 47, 48, 49, 50, 51, 53, 66, 132, 192, 296, 341, 396, 446, 479, 632, 679, 729, 768, 821, 882, 898, 914, 930, 948, 997], "summary": {"covered_lines": 39, "num_statements": 39, "percent_covered": 100.0, "percent_covered_display": "100", "missing_lines": 0, "excluded_lines": 2, "num_branches": 0, "num_partial_branches": 0, "covered_branches": 0, "missing_branches": 0}, "missing_lines": [], "excluded_lines": [997, 998], "executed_branches": [], "missing_branches": []}}, "classes": {"CalendarInteractionError": {"executed_lines": [], "summary": {"covered_lines": 0, "num_statements": 0, "percent_covered": 100.0, "percent_covered_display": "100", "missing_lines": 0, "excluded_lines": 0, "num_branches": 0, "num_partial_branches": 0, "covered_branches": 0, "missing_branches": 0}, "missing_lines": [], "excluded_lines": [], "executed_branches": [], "missing_branches": []}, "MLSCalendarInteractor": {"executed_lines": [61, 62, 63, 64, 348, 349, 352, 362, 363, 367, 368, 386, 387, 453, 454, 457, 461, 462, 463, 466, 468, 469, 470, 472, 473, 475, 476, 477, 492, 493, 494, 495, 498, 499, 500, 502, 505, 506, 621, 622, 630, 639, 641, 648, 649, 650, 652, 653, 654, 657, 660, 664, 665, 675, 676, 677, 689, 690, 691, 694, 700, 701, 702, 703, 706, 709, 712, 713, 714, 715, 717, 718, 719, 720, 724, 726, 727, 739, 766, 884, 892, 893, 894, 896, 900, 908, 909, 910, 912, 916, 918, 919, 920, 923, 924, 925, 932, 934, 935, 936, 939, 940, 941], "summary": {"covered_lines": 103, "num_statements": 337, "percent_covered": 29.97946611909651, "percent_covered_display": "30", "missing_lines": 234, "excluded_lines": 0, "num_branches": 150, "num_partial_branches": 11, "covered_branches": 43, "missing_branches": 107}, "missing_lines": [73, 74, 77, 86, 87, 89, 90, 91, 94, 102, 103, 106, 113, 116, 120, 122, 123, 125, 126, 130, 142, 143, 152, 153, 154, 155, 157, 158, 160, 171, 172, 175, 176, 178, 179, 181, 182, 190, 202, 203, 206, 207, 208, 211, 214, 215, 217, 218, 219, 223, 226, 234, 235, 237, 238, 239, 243, 246, 248, 252, 253, 254, 256, 257, 260, 261, 263, 264, 265, 272, 274, 275, 279, 283, 285, 286, 294, 307, 308, 314, 315, 316, 319, 322, 323, 324, 326, 327, 329, 330, 339, 369, 374, 377, 381, 382, 384, 389, 390, 394, 412, 413, 419, 420, 423, 424, 426, 427, 429, 431, 432, 433, 442, 507, 508, 509, 512, 513, 514, 517, 518, 524, 525, 526, 527, 528, 529, 532, 533, 534, 536, 537, 540, 543, 544, 550, 551, 552, 553, 554, 555, 558, 559, 560, 562, 563, 566, 569, 576, 577, 578, 579, 580, 581, 582, 583, 584, 586, 587, 594, 596, 597, 600, 601, 602, 603, 605, 606, 607, 609, 610, 612, 616, 618, 619, 666, 667, 668, 669, 670, 671, 673, 707, 721, 722, 779, 780, 782, 784, 785, 788, 790, 791, 793, 794, 797, 798, 801, 802, 803, 806, 808, 810, 811, 819, 832, 833, 835, 837, 840, 841, 842, 843, 845, 846, 849, 851, 852, 854, 855, 858, 859, 862, 863, 864, 867, 869, 871, 872, 880, 926, 928, 942, 944], "excluded_lines": [], "executed_branches": [[362, 363], [362, 386], [367, 368], [368, 362], [461, 462], [461, 466], [468, 469], [468, 472], [493, 494], [493, 498], [648, 649], [648, 657], [650, 652], [653, 648], [653, 654], [664, 665], [700, 701], [700, 724], [702, 700], [702, 703], [706, 709], [719, 700], [719, 720], [892, 893], [892, 896], [893, 892], [893, 894], [908, 909], [908, 912], [909, 908], [909, 910], [918, 919], [918, 923], [919, 918], [919, 920], [923, 924], [924, 925], [934, 935], [934, 939], [935, 934], [935, 936], [939, 940], [940, 941]], "missing_branches": [[86, 87], [86, 122], [89, 86], [89, 90], [90, 86], [90, 91], [102, 103], [102, 116], [103, 102], [103, 106], [153, 154], [153, 157], [171, 172], [171, 175], [175, 176], [175, 178], [206, 207], [206, 211], [217, 218], [217, 226], [218, 219], [218, 226], [234, 235], [234, 246], [237, 234], [237, 238], [238, 234], [238, 239], [252, 253], [252, 279], [254, 252], [254, 256], [260, 261], [260, 263], [263, 252], [263, 264], [314, 315], [314, 319], [322, 323], [322, 326], [367, 362], [368, 369], [381, 382], [381, 384], [419, 420], [419, 423], [423, 424], [423, 426], [506, 507], [506, 618], [513, 514], [513, 600], [525, 526], [525, 536], [527, 525], [527, 528], [536, 537], [536, 543], [551, 552], [551, 562], [553, 551], [553, 554], [562, 563], [562, 569], [577, 578], [577, 586], [579, 577], [579, 580], [586, 587], [586, 596], [650, 648], [664, 673], [668, 669], [668, 673], [706, 707], [779, 780], [779, 782], [790, 791], [790, 808], [791, 793], [791, 797], [793, 794], [793, 801], [797, 798], [797, 801], [802, 803], [802, 806], [832, 833], [832, 835], [840, 841], [840, 842], [842, 843], [842, 845], [851, 852], [851, 869], [852, 854], [852, 858], [854, 855], [854, 862], [858, 859], [858, 862], [863, 864], [863, 867], [923, 928], [924, 926], [939, 944], [940, 942]]}, "": {"executed_lines": [1, 9, 10, 11, 13, 15, 16, 18, 21, 22, 24, 27, 28, 36, 37, 40, 43, 46, 47, 48, 49, 50, 51, 53, 66, 132, 192, 296, 341, 396, 446, 479, 632, 679, 729, 768, 821, 882, 898, 914, 930, 948, 997], "summary": {"covered_lines": 39, "num_statements": 61, "percent_covered": 61.904761904761905, "percent_covered_display": "62", "missing_lines": 22, "excluded_lines": 2, "num_branches": 2, "num_partial_branches": 0, "covered_branches": 0, "missing_branches": 2}, "missing_lines": [955, 957, 960, 961, 964, 965, 967, 968, 972, 973, 974, 977, 979, 981, 982, 985, 987, 989, 991, 992, 993, 994], "excluded_lines": [997, 998], "executed_branches": [], "missing_branches": [[972, 973], [972, 977]]}}}, "src/scraper/config.py": {"executed_lines": [1, 6, 7, 8, 9, 11, 14, 15, 16, 18, 19, 20, 21, 22, 23, 24, 25, 26, 27, 30, 31, 32, 33, 34, 35, 38, 48, 49, 50, 52, 53, 54, 57, 58, 59, 60, 61, 64, 65, 66, 67, 68, 69, 70, 71, 74, 77, 78, 79, 80, 83, 84, 86, 106, 116, 117, 118, 123, 126, 127, 128, 133, 134], "summary": {"covered_lines": 61, "num_statements": 61, "percent_covered": 100.0, "percent_covered_display": "100", "missing_lines": 0, "excluded_lines": 0, "num_branches": 14, "num_partial_branches": 0, "covered_branches": 14, "missing_branches": 0}, "missing_lines": [], "excluded_lines": [], "executed_branches": [[49, 50], [49, 52], [53, 54], [53, 57], [66, 67], [66, 74], [69, 70], [69, 71], [117, 118], [117, 123], [127, 128], [127, 133], [133, -106], [133, 134]], "missing_branches": [], "functions": {"load_config": {"executed_lines": [48, 49, 50, 52, 53, 54, 57, 58, 59, 60, 61, 64, 65, 66, 67, 68, 69, 70, 71, 74, 77, 78, 79, 80, 83, 84, 86], "summary": {"covered_lines": 27, "num_statements": 27, "percent_covered": 100.0, "percent_covered_display": "100", "missing_lines": 0, "excluded_lines": 0, "num_branches": 8, "num_partial_branches": 0, "covered_branches": 8, "missing_branches": 0}, "missing_lines": [], "excluded_lines": [], "executed_branches": [[49, 50], [49, 52], [53, 54], [53, 57], [66, 67], [66, 74], [69, 70], [69, 71]], "missing_branches": []}, "validate_config": {"executed_lines": [116, 117, 118, 123, 126, 127, 128, 133, 134], "summary": {"covered_lines": 9, "num_statements": 9, "percent_covered": 100.0, "percent_covered_display": "100", "missing_lines": 0, "excluded_lines": 0, "num_branches": 6, "num_partial_branches": 0, "covered_branches": 6, "missing_branches": 0}, "missing_lines": [], "excluded_lines": [], "executed_branches": [[117, 118], [117, 123], [127, 128], [127, 133], [133, -106], [133, 134]], "missing_branches": []}, "": {"executed_lines": [1, 6, 7, 8, 9, 11, 14, 15, 16, 18, 19, 20, 21, 22, 23, 24, 25, 26, 27, 30, 31, 32, 33, 34, 35, 38, 106], "summary": {"covered_lines": 25, "num_statements": 25, "percent_covered": 100.0, "percent_covered_display": "100", "missing_lines": 0, "excluded_lines": 0, "num_branches": 0, "num_partial_branches": 0, "covered_branches": 0, "missing_branches": 0}, "missing_lines": [], "excluded_lines": [], "executed_branches": [], "missing_branches": []}}, "classes": {"ScrapingConfig": {"executed_lines": [], "summary": {"covered_lines": 0, "num_statements": 0, "percent_covered": 100.0, "percent_covered_display": "100", "missing_lines": 0, "excluded_lines": 0, "num_branches": 0, "num_partial_branches": 0, "covered_branches": 0, "missing_branches": 0}, "missing_lines": [], "excluded_lines": [], "executed_branches": [], "missing_branches": []}, "": {"executed_lines": [1, 6, 7, 8, 9, 11, 14, 15, 16, 18, 19, 20, 21, 22, 23, 24, 25, 26, 27, 30, 31, 32, 33, 34, 35, 38, 48, 49, 50, 52, 53, 54, 57, 58, 59, 60, 61, 64, 65, 66, 67, 68, 69, 70, 71, 74, 77, 78, 79, 80, 83, 84, 86, 106, 116, 117, 118, 123, 126, 127, 128, 133, 134], "summary": {"covered_lines": 61, "num_statements": 61, "percent_covered": 100.0, "percent_covered_display": "100", "missing_lines": 0, "excluded_lines": 0, "num_branches": 14, "num_partial_branches": 0, "covered_branches": 14, "missing_branches": 0}, "missing_lines": [], "excluded_lines": [], "executed_branches": [[49, 50], [49, 52], [53, 54], [53, 57], [66, 67], [66, 74], [69, 70], [69, 71], [117, 118], [117, 123], [127, 128], [127, 133], [133, -106], [133, 134]], "missing_branches": []}}}, "src/scraper/consent_handler.py": {"executed_lines": [], "summary": {"covered_lines": 0, "num_statements": 126, "percent_covered": 0.0, "percent_covered_display": "0", "missing_lines": 126, "excluded_lines": 2, "num_branches": 38, "num_partial_branches": 0, "covered_branches": 0, "missing_branches": 38}, "missing_lines": [8, 10, 12, 13, 15, 18, 21, 24, 33, 34, 47, 59, 69, 77, 78, 79, 81, 88, 89, 92, 93, 96, 97, 100, 101, 103, 104, 108, 110, 117, 119, 120, 128, 129, 130, 131, 132, 134, 135, 136, 138, 141, 142, 144, 145, 146, 149, 152, 154, 155, 157, 158, 159, 161, 168, 170, 172, 173, 174, 175, 176, 178, 179, 180, 183, 184, 186, 187, 188, 191, 192, 194, 195, 197, 198, 199, 201, 214, 216, 219, 220, 221, 222, 223, 225, 235, 236, 239, 248, 249, 250, 253, 254, 256, 257, 259, 260, 261, 265, 269, 271, 273, 274, 275, 276, 278, 280, 281, 283, 284, 285, 287, 290, 291, 293, 294, 297, 298, 299, 301, 303, 306, 307, 309, 311, 312], "excluded_lines": [315, 316], "executed_branches": [], "missing_branches": [[92, 93], [92, 96], [96, 97], [96, 100], [128, 129], [128, 134], [129, 128], [129, 130], [134, 135], [134, 138], [141, 142], [141, 154], [144, 141], [144, 145], [145, 141], [145, 146], [172, 173], [172, 178], [173, 172], [173, 174], [178, 179], [178, 183], [183, 184], [183, 194], [186, 183], [186, 187], [187, 183], [187, 188], [248, 249], [248, 256], [249, 248], [249, 250], [283, 284], [283, 287], [293, 294], [293, 303], [298, 299], [298, 301]], "functions": {"MLSConsentHandler.__init__": {"executed_lines": [], "summary": {"covered_lines": 0, "num_statements": 3, "percent_covered": 0.0, "percent_covered_display": "0", "missing_lines": 3, "excluded_lines": 0, "num_branches": 0, "num_partial_branches": 0, "covered_branches": 0, "missing_branches": 0}, "missing_lines": [77, 78, 79], "excluded_lines": [], "executed_branches": [], "missing_branches": []}, "MLSConsentHandler.handle_consent_banner": {"executed_lines": [], "summary": {"covered_lines": 0, "num_statements": 11, "percent_covered": 0.0, "percent_covered_display": "0", "missing_lines": 11, "excluded_lines": 0, "num_branches": 4, "num_partial_branches": 0, "covered_branches": 0, "missing_branches": 4}, "missing_lines": [88, 89, 92, 93, 96, 97, 100, 101, 103, 104, 108], "excluded_lines": [], "executed_branches": [], "missing_branches": [[92, 93], [92, 96], [96, 97], [96, 100]]}, "MLSConsentHandler._handle_onetrust_consent": {"executed_lines": [], "summary": {"covered_lines": 0, "num_statements": 24, "percent_covered": 0.0, "percent_covered_display": "0", "missing_lines": 24, "excluded_lines": 0, "num_branches": 12, "num_partial_branches": 0, "covered_branches": 0, "missing_branches": 12}, "missing_lines": [117, 119, 120, 128, 129, 130, 131, 132, 134, 135, 136, 138, 141, 142, 144, 145, 146, 149, 152, 154, 155, 157, 158, 159], "excluded_lines": [], "executed_branches": [], "missing_branches": [[128, 129], [128, 134], [129, 128], [129, 130], [134, 135], [134, 138], [141, 142], [141, 154], [144, 141], [144, 145], [145, 141], [145, 146]]}, "MLSConsentHandler._handle_generic_consent": {"executed_lines": [], "summary": {"covered_lines": 0, "num_statements": 22, "percent_covered": 0.0, "percent_covered_display": "0", "missing_lines": 22, "excluded_lines": 0, "num_branches": 12, "num_partial_branches": 0, "covered_branches": 0, "missing_branches": 12}, "missing_lines": [168, 170, 172, 173, 174, 175, 176, 178, 179, 180, 183, 184, 186, 187, 188, 191, 192, 194, 195, 197, 198, 199], "excluded_lines": [], "executed_branches": [], "missing_branches": [[172, 173], [172, 178], [173, 172], [173, 174], [178, 179], [178, 183], [183, 184], [183, 194], [186, 183], [186, 187], [187, 183], [187, 188]]}, "MLSConsentHandler._wait_for_banner_disappear": {"executed_lines": [], "summary": {"covered_lines": 0, "num_statements": 7, "percent_covered": 0.0, "percent_covered_display": "0", "missing_lines": 7, "excluded_lines": 0, "num_branches": 0, "num_partial_branches": 0, "covered_branches": 0, "missing_branches": 0}, "missing_lines": [214, 216, 219, 220, 221, 222, 223], "excluded_lines": [], "executed_branches": [], "missing_branches": []}, "MLSConsentHandler.wait_for_page_ready": {"executed_lines": [], "summary": {"covered_lines": 0, "num_statements": 13, "percent_covered": 0.0, "percent_covered_display": "0", "missing_lines": 13, "excluded_lines": 0, "num_branches": 4, "num_partial_branches": 0, "covered_branches": 0, "missing_branches": 4}, "missing_lines": [235, 236, 239, 248, 249, 250, 253, 254, 256, 257, 259, 260, 261], "excluded_lines": [], "executed_branches": [], "missing_branches": [[248, 249], [248, 256], [249, 248], [249, 250]]}, "test_consent_handling": {"executed_lines": [], "summary": {"covered_lines": 0, "num_statements": 27, "percent_covered": 0.0, "percent_covered_display": "0", "missing_lines": 27, "excluded_lines": 0, "num_branches": 6, "num_partial_branches": 0, "covered_branches": 0, "missing_branches": 6}, "missing_lines": [269, 271, 273, 274, 275, 276, 278, 280, 281, 283, 284, 285, 287, 290, 291, 293, 294, 297, 298, 299, 301, 303, 306, 307, 309, 311, 312], "excluded_lines": [], "executed_branches": [], "missing_branches": [[283, 284], [283, 287], [293, 294], [293, 303], [298, 299], [298, 301]]}, "": {"executed_lines": [], "summary": {"covered_lines": 0, "num_statements": 19, "percent_covered": 0.0, "percent_covered_display": "0", "missing_lines": 19, "excluded_lines": 2, "num_branches": 0, "num_partial_branches": 0, "covered_branches": 0, "missing_branches": 0}, "missing_lines": [8, 10, 12, 13, 15, 18, 21, 24, 33, 34, 47, 59, 69, 81, 110, 161, 201, 225, 265], "excluded_lines": [315, 316], "executed_branches": [], "missing_branches": []}}, "classes": {"ConsentHandlerError": {"executed_lines": [], "summary": {"covered_lines": 0, "num_statements": 0, "percent_covered": 100.0, "percent_covered_display": "100", "missing_lines": 0, "excluded_lines": 0, "num_branches": 0, "num_partial_branches": 0, "covered_branches": 0, "missing_branches": 0}, "missing_lines": [], "excluded_lines": [], "executed_branches": [], "missing_branches": []}, "MLSConsentHandler": {"executed_lines": [], "summary": {"covered_lines": 0, "num_statements": 80, "percent_covered": 0.0, "percent_covered_display": "0", "missing_lines": 80, "excluded_lines": 0, "num_branches": 32, "num_partial_branches": 0, "covered_branches": 0, "missing_branches": 32}, "missing_lines": [77, 78, 79, 88, 89, 92, 93, 96, 97, 100, 101, 103, 104, 108, 117, 119, 120, 128, 129, 130, 131, 132, 134, 135, 136, 138, 141, 142, 144, 145, 146, 149, 152, 154, 155, 157, 158, 159, 168, 170, 172, 173, 174, 175, 176, 178, 179, 180, 183, 184, 186, 187, 188, 191, 192, 194, 195, 197, 198, 199, 214, 216, 219, 220, 221, 222, 223, 235, 236, 239, 248, 249, 250, 253, 254, 256, 257, 259, 260, 261], "excluded_lines": [], "executed_branches": [], "missing_branches": [[92, 93], [92, 96], [96, 97], [96, 100], [128, 129], [128, 134], [129, 128], [129, 130], [134, 135], [134, 138], [141, 142], [141, 154], [144, 141], [144, 145], [145, 141], [145, 146], [172, 173], [172, 178], [173, 172], [173, 174], [178, 179], [178, 183], [183, 184], [183, 194], [186, 183], [186, 187], [187, 183], [187, 188], [248, 249], [248, 256], [249, 248], [249, 250]]}, "": {"executed_lines": [], "summary": {"covered_lines": 0, "num_statements": 46, "percent_covered": 0.0, "percent_covered_display": "0", "missing_lines": 46, "excluded_lines": 2, "num_branches": 6, "num_partial_branches": 0, "covered_branches": 0, "missing_branches": 6}, "missing_lines": [8, 10, 12, 13, 15, 18, 21, 24, 33, 34, 47, 59, 69, 81, 110, 161, 201, 225, 265, 269, 271, 273, 274, 275, 276, 278, 280, 281, 283, 284, 285, 287, 290, 291, 293, 294, 297, 298, 299, 301, 303, 306, 307, 309, 311, 312], "excluded_lines": [315, 316], "executed_branches": [], "missing_branches": [[283, 284], [283, 287], [293, 294], [293, 303], [298, 299], [298, 301]]}}}, "src/scraper/date_handler.py": {"executed_lines": [1, 7, 8, 9, 12, 27, 28, 30, 31, 33, 34, 36, 39, 49, 50, 55, 64, 67, 79, 82, 88, 89, 92, 93, 94, 97, 98, 99, 102, 105, 106, 108, 111, 114, 115, 118, 119, 122, 124, 125, 126, 129, 140, 141, 144, 145, 148, 151, 152, 156, 159, 174, 175, 177, 178, 181, 182, 183, 184, 190, 203, 210, 211, 212, 216, 219, 232, 239, 240, 241, 245, 246, 247, 248, 249, 254, 271, 273, 275, 276, 277, 281, 282, 283, 284, 286], "summary": {"covered_lines": 85, "num_statements": 87, "percent_covered": 96.7479674796748, "percent_covered_display": "97", "missing_lines": 2, "excluded_lines": 0, "num_branches": 36, "num_partial_branches": 2, "covered_branches": 34, "missing_branches": 2}, "missing_lines": [187, 278], "excluded_lines": [], "executed_branches": [[27, 28], [27, 30], [30, 31], [30, 33], [49, -39], [49, 50], [88, 89], [88, 92], [93, 94], [93, 97], [98, 99], [98, 102], [105, 106], [105, 108], [151, 152], [151, 156], [174, 175], [174, 177], [181, 182], [182, 183], [182, 184], [210, 211], [210, 216], [239, 240], [239, 245], [273, 275], [273, 286], [275, 276], [275, 277], [277, 281], [281, 282], [281, 283], [283, 284], [283, 286]], "missing_branches": [[181, 187], [277, 278]], "functions": {"calculate_date_range": {"executed_lines": [27, 28, 30, 31, 33, 34, 36], "summary": {"covered_lines": 7, "num_statements": 7, "percent_covered": 100.0, "percent_covered_display": "100", "missing_lines": 0, "excluded_lines": 0, "num_branches": 4, "num_partial_branches": 0, "covered_branches": 4, "missing_branches": 0}, "missing_lines": [], "excluded_lines": [], "executed_branches": [[27, 28], [27, 30], [30, 31], [30, 33]], "missing_branches": []}, "validate_date_range": {"executed_lines": [49, 50], "summary": {"covered_lines": 2, "num_statements": 2, "percent_covered": 100.0, "percent_covered_display": "100", "missing_lines": 0, "excluded_lines": 0, "num_branches": 2, "num_partial_branches": 0, "covered_branches": 2, "missing_branches": 0}, "missing_lines": [], "excluded_lines": [], "executed_branches": [[49, -39], [49, 50]], "missing_branches": []}, "is_weekend": {"executed_lines": [64], "summary": {"covered_lines": 1, "num_statements": 1, "percent_covered": 100.0, "percent_covered_display": "100", "missing_lines": 0, "excluded_lines": 0, "num_branches": 0, "num_partial_branches": 0, "covered_branches": 0, "missing_branches": 0}, "missing_lines": [], "excluded_lines": [], "executed_branches": [], "missing_branches": []}, "is_holiday": {"executed_lines": [79, 82, 88, 89, 92, 93, 94, 97, 98, 99, 102, 105, 106, 108], "summary": {"covered_lines": 14, "num_statements": 14, "percent_covered": 100.0, "percent_covered_display": "100", "missing_lines": 0, "excluded_lines": 0, "num_branches": 8, "num_partial_branches": 0, "covered_branches": 8, "missing_branches": 0}, "missing_lines": [], "excluded_lines": [], "executed_branches": [[88, 89], [88, 92], [93, 94], [93, 97], [98, 99], [98, 102], [105, 106], [105, 108]], "missing_branches": []}, "_get_last_monday_of_month": {"executed_lines": [114, 115, 118, 119], "summary": {"covered_lines": 4, "num_statements": 4, "percent_covered": 100.0, "percent_covered_display": "100", "missing_lines": 0, "excluded_lines": 0, "num_branches": 0, "num_partial_branches": 0, "covered_branches": 0, "missing_branches": 0}, "missing_lines": [], "excluded_lines": [], "executed_branches": [], "missing_branches": []}, "_get_first_monday_of_month": {"executed_lines": [124, 125, 126], "summary": {"covered_lines": 3, "num_statements": 3, "percent_covered": 100.0, "percent_covered_display": "100", "missing_lines": 0, "excluded_lines": 0, "num_branches": 0, "num_partial_branches": 0, "covered_branches": 0, "missing_branches": 0}, "missing_lines": [], "excluded_lines": [], "executed_branches": [], "missing_branches": []}, "_get_nth_weekday_of_month": {"executed_lines": [140, 141, 144, 145, 148, 151, 152, 156], "summary": {"covered_lines": 8, "num_statements": 8, "percent_covered": 100.0, "percent_covered_display": "100", "missing_lines": 0, "excluded_lines": 0, "num_branches": 2, "num_partial_branches": 0, "covered_branches": 2, "missing_branches": 0}, "missing_lines": [], "excluded_lines": [], "executed_branches": [[151, 152], [151, 156]], "missing_branches": []}, "adjust_for_weekends_and_holidays": {"executed_lines": [174, 175, 177, 178, 181, 182, 183, 184], "summary": {"covered_lines": 8, "num_statements": 9, "percent_covered": 86.66666666666667, "percent_covered_display": "87", "missing_lines": 1, "excluded_lines": 0, "num_branches": 6, "num_partial_branches": 1, "covered_branches": 5, "missing_branches": 1}, "missing_lines": [187], "excluded_lines": [], "executed_branches": [[174, 175], [174, 177], [181, 182], [182, 183], [182, 184]], "missing_branches": [[181, 187]]}, "format_date_for_web_form": {"executed_lines": [203, 210, 211, 212, 216], "summary": {"covered_lines": 5, "num_statements": 5, "percent_covered": 100.0, "percent_covered_display": "100", "missing_lines": 0, "excluded_lines": 0, "num_branches": 2, "num_partial_branches": 0, "covered_branches": 2, "missing_branches": 0}, "missing_lines": [], "excluded_lines": [], "executed_branches": [[210, 211], [210, 216]], "missing_branches": []}, "parse_date_from_string": {"executed_lines": [232, 239, 240, 241, 245, 246, 247, 248, 249], "summary": {"covered_lines": 9, "num_statements": 9, "percent_covered": 100.0, "percent_covered_display": "100", "missing_lines": 0, "excluded_lines": 0, "num_branches": 2, "num_partial_branches": 0, "covered_branches": 2, "missing_branches": 0}, "missing_lines": [], "excluded_lines": [], "executed_branches": [[239, 240], [239, 245]], "missing_branches": []}, "get_date_range_for_scraping": {"executed_lines": [271, 273, 275, 276, 277, 281, 282, 283, 284, 286], "summary": {"covered_lines": 10, "num_statements": 11, "percent_covered": 90.47619047619048, "percent_covered_display": "90", "missing_lines": 1, "excluded_lines": 0, "num_branches": 10, "num_partial_branches": 1, "covered_branches": 9, "m
[...]
 [], "executed_branches": [[168, 169], [168, 170]], "missing_branches": []}, "ScrapingMetrics.get_success_rate": {"executed_lines": [178, 179, 180, 181], "summary": {"covered_lines": 4, "num_statements": 4, "percent_covered": 100.0, "percent_covered_display": "100", "missing_lines": 0, "excluded_lines": 0, "num_branches": 2, "num_partial_branches": 0, "covered_branches": 2, "missing_branches": 0}, "missing_lines": [], "excluded_lines": [], "executed_branches": [[179, 180], [179, 181]], "missing_branches": []}, "ScrapingMetrics.get_total_api_calls": {"executed_lines": [], "summary": {"covered_lines": 0, "num_statements": 1, "percent_covered": 0.0, "percent_covered_display": "0", "missing_lines": 1, "excluded_lines": 0, "num_branches": 0, "num_partial_branches": 0, "covered_branches": 0, "missing_branches": 0}, "missing_lines": [189], "excluded_lines": [], "executed_branches": [], "missing_branches": []}, "ScrapingMetrics.has_errors": {"executed_lines": [], "summary": {"covered_lines": 0, "num_statements": 1, "percent_covered": 0.0, "percent_covered_display": "0", "missing_lines": 1, "excluded_lines": 0, "num_branches": 0, "num_partial_branches": 0, "covered_branches": 0, "missing_branches": 0}, "missing_lines": [197], "excluded_lines": [], "executed_branches": [], "missing_branches": []}, "": {"executed_lines": [1, 6, 7, 9, 12, 13, 27, 30, 31, 34, 35, 36, 37, 40, 44, 45, 46, 83, 84, 85, 97, 98, 104, 117, 125, 136, 137, 148, 151, 154, 157, 158, 161, 165, 166, 172, 183, 191], "summary": {"covered_lines": 35, "num_statements": 35, "percent_covered": 100.0, "percent_covered_display": "100", "missing_lines": 0, "excluded_lines": 0, "num_branches": 0, "num_partial_branches": 0, "covered_branches": 0, "missing_branches": 0}, "missing_lines": [], "excluded_lines": [], "executed_branches": [], "missing_branches": []}}, "classes": {"Match": {"executed_lines": [54, 60, 61, 64, 70, 73, 79, 87, 88, 89, 90, 91, 92, 93, 94, 95, 100, 101, 102, 110, 123, 131, 132, 133], "summary": {"covered_lines": 24, "num_statements": 25, "percent_covered": 95.34883720930233, "percent_covered_display": "95", "missing_lines": 1, "excluded_lines": 0, "num_branches": 18, "num_partial_branches": 1, "covered_branches": 17, "missing_branches": 1}, "missing_lines": [81], "excluded_lines": [], "executed_branches": [[60, 61], [60, 64], [64, 70], [64, 73], [73, 79], [87, 88], [87, 89], [89, 90], [89, 91], [91, 92], [91, 93], [93, 94], [93, 95], [100, 101], [100, 102], [131, 132], [131, 133]], "missing_branches": [[73, 81]]}, "ScrapingMetrics": {"executed_lines": [168, 169, 170, 178, 179, 180, 181], "summary": {"covered_lines": 7, "num_statements": 9, "percent_covered": 84.61538461538461, "percent_covered_display": "85", "missing_lines": 2, "excluded_lines": 0, "num_branches": 4, "num_partial_branches": 0, "covered_branches": 4, "missing_branches": 0}, "missing_lines": [189, 197], "excluded_lines": [], "executed_branches": [[168, 169], [168, 170], [179, 180], [179, 181]], "missing_branches": []}, "": {"executed_lines": [1, 6, 7, 9, 12, 13, 27, 30, 31, 34, 35, 36, 37, 40, 44, 45, 46, 83, 84, 85, 97, 98, 104, 117, 125, 136, 137, 148, 151, 154, 157, 158, 161, 165, 166, 172, 183, 191], "summary": {"covered_lines": 35, "num_statements": 35, "percent_covered": 100.0, "percent_covered_display": "100", "missing_lines": 0, "excluded_lines": 0, "num_branches": 0, "num_partial_branches": 0, "covered_branches": 0, "missing_branches": 0}, "missing_lines": [], "excluded_lines": [], "executed_branches": [], "missing_branches": []}}}, "src/utils/example_usage.py": {"executed_lines": [], "summary": {"covered_lines": 0, "num_statements": 26, "percent_covered": 0.0, "percent_covered_display": "0", "missing_lines": 26, "excluded_lines": 3, "num_branches": 0, "num_partial_branches": 0, "covered_branches": 0, "missing_branches": 0}, "missing_lines": [8, 9, 11, 12, 15, 22, 23, 26, 27, 30, 32, 33, 34, 37, 42, 43, 44, 46, 52, 60, 61, 63, 64, 67, 72, 74], "excluded_lines": [77, 79, 80], "executed_branches": [], "missing_branches": [], "functions": {"example_scraping_operation": {"executed_lines": [], "summary": {"covered_lines": 0, "num_statements": 21, "percent_covered": 0.0, "percent_covered_display": "0", "missing_lines": 21, "excluded_lines": 0, "num_branches": 0, "num_partial_branches": 0, "covered_branches": 0, "missing_branches": 0}, "missing_lines": [22, 23, 26, 27, 30, 32, 33, 34, 37, 42, 43, 44, 46, 52, 60, 61, 63, 64, 67, 72, 74], "excluded_lines": [], "executed_branches": [], "missing_branches": []}, "": {"executed_lines": [], "summary": {"covered_lines": 0, "num_statements": 5, "percent_covered": 0.0, "percent_covered_display": "0", "missing_lines": 5, "excluded_lines": 3, "num_branches": 0, "num_partial_branches": 0, "covered_branches": 0, "missing_branches": 0}, "missing_lines": [8, 9, 11, 12, 15], "excluded_lines": [77, 79, 80], "executed_branches": [], "missing_branches": []}}, "classes": {"": {"executed_lines": [], "summary": {"covered_lines": 0, "num_statements": 26, "percent_covered": 0.0, "percent_covered_display": "0", "missing_lines": 26, "excluded_lines": 3, "num_branches": 0, "num_partial_branches": 0, "covered_branches": 0, "missing_branches": 0}, "missing_lines": [8, 9, 11, 12, 15, 22, 23, 26, 27, 30, 32, 33, 34, 37, 42, 43, 44, 46, 52, 60, 61, 63, 64, 67, 72, 74], "excluded_lines": [77, 79, 80], "executed_branches": [], "missing_branches": []}}}, "src/utils/logger.py": {"executed_lines": [1, 8, 9, 11, 12, 15, 16, 23, 30, 31, 38, 45, 47, 57, 61, 68, 77, 84, 93, 111, 118, 119, 120, 121, 122, 123, 125, 126, 128, 132, 148, 155, 156, 157, 158, 160, 161, 165, 167, 168, 178, 179, 180, 182, 183, 186, 187, 189, 193, 197, 204], "summary": {"covered_lines": 49, "num_statements": 50, "percent_covered": 97.22222222222223, "percent_covered_display": "97", "missing_lines": 1, "excluded_lines": 0, "num_branches": 22, "num_partial_branches": 1, "covered_branches": 21, "missing_branches": 1}, "missing_lines": [185], "excluded_lines": [], "executed_branches": [[118, 119], [118, 120], [120, 121], [120, 122], [122, 123], [122, 125], [125, 126], [125, 128], [155, 156], [155, 157], [157, 158], [157, 160], [160, 161], [160, 165], [178, 179], [178, 180], [180, 182], [180, 183], [183, 186], [186, 187], [186, 189]], "missing_branches": [[183, 185]], "functions": {"MLSScraperLogger.__init__": {"executed_lines": [30, 31], "summary": {"covered_lines": 2, "num_statements": 2, "percent_covered": 100.0, "percent_covered_display": "100", "missing_lines": 0, "excluded_lines": 0, "num_branches": 0, "num_partial_branches": 0, "covered_branches": 0, "missing_branches": 0}, "missing_lines": [], "excluded_lines": [], "executed_branches": [], "missing_branches": []}, "MLSScraperLogger.get_logger": {"executed_lines": [45], "summary": {"covered_lines": 1, "num_statements": 1, "percent_covered": 100.0, "percent_covered_display": "100", "missing_lines": 0, "excluded_lines": 0, "num_branches": 0, "num_partial_branches": 0, "covered_branches": 0, "missing_branches": 0}, "missing_lines": [], "excluded_lines": [], "executed_branches": [], "missing_branches": []}, "MLSScraperLogger.inject_lambda_context": {"executed_lines": [57], "summary": {"covered_lines": 1, "num_statements": 1, "percent_covered": 100.0, "percent_covered_display": "100", "missing_lines": 0, "excluded_lines": 0, "num_branches": 0, "num_partial_branches": 0, "covered_branches": 0, "missing_branches": 0}, "missing_lines": [], "excluded_lines": [], "executed_branches": [], "missing_branches": []}, "MLSScraperLogger.log_scraping_start": {"executed_lines": [68], "summary": {"covered_lines": 1, "num_statements": 1, "percent_covered": 100.0, "percent_covered_display": "100", "missing_lines": 0, "excluded_lines": 0, "num_branches": 0, "num_partial_branches": 0, "covered_branches": 0, "missing_branches": 0}, "missing_lines": [], "excluded_lines": [], "executed_branches": [], "missing_branches": []}, "MLSScraperLogger.log_scraping_complete": {"executed_lines": [84], "summary": {"covered_lines": 1, "num_statements": 1, "percent_covered": 100.0, "percent_covered_display": "100", "missing_lines": 0, "excluded_lines": 0, "num_branches": 0, "num_partial_branches": 0, "covered_branches": 0, "missing_branches": 0}, "missing_lines": [], "excluded_lines": [], "executed_branches": [], "missing_branches": []}, "MLSScraperLogger.log_api_call": {"executed_lines": [111, 118, 119, 120, 121, 122, 123, 125, 126, 128], "summary": {"covered_lines": 10, "num_statements": 10, "percent_covered": 100.0, "percent_covered_display": "100", "missing_lines": 0, "excluded_lines": 0, "num_branches": 8, "num_partial_branches": 0, "covered_branches": 8, "missing_branches": 0}, "missing_lines": [], "excluded_lines": [], "executed_branches": [[118, 119], [118, 120], [120, 121], [120, 122], [122, 123], [122, 125], [125, 126], [125, 128]], "missing_branches": []}, "MLSScraperLogger.log_browser_operation": {"executed_lines": [148, 155, 156, 157, 158, 160, 161, 165], "summary": {"covered_lines": 8, "num_statements": 8, "percent_covered": 100.0, "percent_covered_display": "100", "missing_lines": 0, "excluded_lines": 0, "num_branches": 6, "num_partial_branches": 0, "covered_branches": 6, "missing_branches": 0}, "missing_lines": [], "excluded_lines": [], "executed_branches": [[155, 156], [155, 157], [157, 158], [157, 160], [160, 161], [160, 165]], "missing_branches": []}, "MLSScraperLogger._custom_serializer": {"executed_lines": [178, 179, 180, 182, 183, 186, 187, 189], "summary": {"covered_lines": 8, "num_statements": 9, "percent_covered": 88.23529411764706, "percent_covered_display": "88", "missing_lines": 1, "excluded_lines": 0, "num_branches": 8, "num_partial_branches": 1, "covered_branches": 7, "missing_branches": 1}, "missing_lines": [185], "excluded_lines": [], "executed_branches": [[178, 179], [178, 180], [180, 182], [180, 183], [183, 186], [186, 187], [186, 189]], "missing_branches": [[183, 185]]}, "get_logger": {"executed_lines": [204], "summary": {"covered_lines": 1, "num_statements": 1, "percent_covered": 100.0, "percent_covered_display": "100", "missing_lines": 0, "excluded_lines": 0, "num_branches": 0, "num_partial_branches": 0, "covered_branches": 0, "missing_branches": 0}, "missing_lines": [], "excluded_lines": [], "executed_branches": [], "missing_branches": []}, "": {"executed_lines": [1, 8, 9, 11, 12, 15, 16, 23, 38, 47, 61, 77, 93, 132, 167, 168, 193, 197], "summary": {"covered_lines": 16, "num_statements": 16, "percent_covered": 100.0, "percent_covered_display": "100", "missing_lines": 0, "excluded_lines": 0, "num_branches": 0, "num_partial_branches": 0, "covered_branches": 0, "missing_branches": 0}, "missing_lines": [], "excluded_lines": [], "executed_branches": [], "missing_branches": []}}, "classes": {"MLSScraperLogger": {"executed_lines": [30, 31, 45, 57, 68, 84, 111, 118, 119, 120, 121, 122, 123, 125, 126, 128, 148, 155, 156, 157, 158, 160, 161, 165, 178, 179, 180, 182, 183, 186, 187, 189], "summary": {"covered_lines": 32, "num_statements": 33, "percent_covered": 96.36363636363636, "percent_covered_display": "96", "missing_lines": 1, "excluded_lines": 0, "num_branches": 22, "num_partial_branches": 1, "covered_branches": 21, "missing_branches": 1}, "missing_lines": [185], "excluded_lines": [], "executed_branches": [[118, 119], [118, 120], [120, 121], [120, 122], [122, 123], [122, 125], [125, 126], [125, 128], [155, 156], [155, 157], [157, 158], [157, 160], [160, 161], [160, 165], [178, 179], [178, 180], [180, 182], [180, 183], [183, 186], [186, 187], [186, 189]], "missing_branches": [[183, 185]]}, "": {"executed_lines": [1, 8, 9, 11, 12, 15, 16, 23, 38, 47, 61, 77, 93, 132, 167, 168, 193, 197, 204], "summary": {"covered_lines": 17, "num_statements": 17, "percent_covered": 100.0, "percent_covered_display": "100", "missing_lines": 0, "excluded_lines": 0, "num_branches": 0, "num_partial_branches": 0, "covered_branches": 0, "missing_branches": 0}, "missing_lines": [], "excluded_lines": [], "executed_branches": [], "missing_branches": []}}}, "src/utils/metrics.py": {"executed_lines": [1, 9, 10, 11, 12, 13, 15, 16, 17, 18, 19, 22, 23, 30, 40, 41, 44, 53, 60, 69, 72, 75, 78, 79, 81, 88, 89, 91, 92, 93, 94, 95, 97, 99, 103, 109, 116, 123, 130, 136, 140, 146, 153, 160, 166, 176, 177, 178, 180, 190, 191, 192, 194, 212, 213, 223, 224, 226, 236, 237, 238, 240, 256, 257, 265, 266, 268, 269, 282, 283, 284, 286, 287, 288, 291, 293, 294, 306, 307, 308, 310, 311, 312, 318, 322, 326, 333], "summary": {"covered_lines": 85, "num_statements": 85, "percent_covered": 98.9010989010989, "percent_covered_display": "99", "missing_lines": 0, "excluded_lines": 0, "num_branches": 6, "num_partial_branches": 1, "covered_branches": 5, "missing_branches": 1}, "missing_lines": [], "excluded_lines": [], "executed_branches": [[91, 92], [91, 97], [92, 93], [92, 97], [93, 94]], "missing_branches": [[93, 92]], "functions": {"MLSScraperMetrics.__init__": {"executed_lines": [40, 41, 44, 53, 60, 69, 72, 75, 78, 79], "summary": {"covered_lines": 10, "num_statements": 10, "percent_covered": 100.0, "percent_covered_display": "100", "missing_lines": 0, "excluded_lines": 0, "num_branches": 0, "num_partial_branches": 0, "covered_branches": 0, "missing_branches": 0}, "missing_lines": [], "excluded_lines": [], "executed_branches": [], "missing_branches": []}, "MLSScraperMetrics._parse_otlp_headers": {"executed_lines": [88, 89, 91, 92, 93, 94, 95, 97], "summary": {"covered_lines": 8, "num_statements": 8, "percent_covered": 92.85714285714286, "percent_covered_display": "93", "missing_lines": 0, "excluded_lines": 0, "num_branches": 6, "num_partial_branches": 1, "covered_branches": 5, "missing_branches": 1}, "missing_lines": [], "excluded_lines": [], "executed_branches": [[91, 92], [91, 97], [92, 93], [92, 97], [93, 94]], "missing_branches": [[93, 92]]}, "MLSScraperMetrics._init_counters": {"executed_lines": [103, 109, 116, 123, 130], "summary": {"covered_lines": 5, "num_statements": 5, "percent_covered": 100.0, "percent_covered_display": "100", "missing_lines": 0, "excluded_lines": 0, "num_branches": 0, "num_partial_branches": 0, "covered_branches": 0, "missing_branches": 0}, "missing_lines": [], "excluded_lines": [], "executed_branches": [], "missing_branches": []}, "MLSScraperMetrics._init_histograms": {"executed_lines": [140, 146, 153, 160], "summary": {"covered_lines": 4, "num_statements": 4, "percent_covered": 100.0, "percent_covered_display": "100", "missing_lines": 0, "excluded_lines": 0, "num_branches": 0, "num_partial_branches": 0, "covered_branches": 0, "missing_branches": 0}, "missing_lines": [], "excluded_lines": [], "executed_branches": [], "missing_branches": []}, "MLSScraperMetrics.record_games_scheduled": {"executed_lines": [176, 177, 178], "summary": {"covered_lines": 3, "num_statements": 3, "percent_covered": 100.0, "percent_covered_display": "100", "missing_lines": 0, "excluded_lines": 0, "num_branches": 0, "num_partial_branches": 0, "covered_branches": 0, "missing_branches": 0}, "missing_lines": [], "excluded_lines": [], "executed_branches": [], "missing_branches": []}, "MLSScraperMetrics.record_games_scored": {"executed_lines": [190, 191, 192], "summary": {"covered_lines": 3, "num_statements": 3, "percent_covered": 100.0, "percent_covered_display": "100", "missing_lines": 0, "excluded_lines": 0, "num_branches": 0, "num_partial_branches": 0, "covered_branches": 0, "missing_branches": 0}, "missing_lines": [], "excluded_lines": [], "executed_branches": [], "missing_branches": []}, "MLSScraperMetrics.record_api_call": {"executed_lines": [212, 213, 223, 224], "summary": {"covered_lines": 4, "num_statements": 4, "percent_covered": 100.0, "percent_covered_display": "100", "missing_lines": 0, "excluded_lines": 0, "num_branches": 0, "num_partial_branches": 0, "covered_branches": 0, "missing_branches": 0}, "missing_lines": [], "excluded_lines": [], "executed_branches": [], "missing_branches": []}, "MLSScraperMetrics.record_scraping_error": {"executed_lines": [236, 237, 238], "summary": {"covered_lines": 3, "num_statements": 3, "percent_covered": 100.0, "percent_covered_display": "100", "missing_lines": 0, "excluded_lines": 0, "num_branches": 0, "num_partial_branches": 0, "covered_branches": 0, "missing_branches": 0}, "missing_lines": [], "excluded_lines": [], "executed_branches": [], "missing_branches": []}, "MLSScraperMetrics.record_browser_operation": {"executed_lines": [256, 257, 265, 266], "summary": {"covered_lines": 4, "num_statements": 4, "percent_covered": 100.0, "percent_covered_display": "100", "missing_lines": 0, "excluded_lines": 0, "num_branches": 0, "num_partial_branches": 0, "covered_branches": 0, "missing_branches": 0}, "missing_lines": [], "excluded_lines": [], "executed_branches": [], "missing_branches": []}, "MLSScraperMetrics.time_operation": {"executed_lines": [282, 283, 284, 286, 287, 288, 291], "summary": {"covered_lines": 7, "num_statements": 7, "percent_covered": 100.0, "percent_covered_display": "100", "missing_lines": 0, "excluded_lines": 0, "num_branches": 0, "num_partial_branches": 0, "covered_branches": 0, "missing_branches": 0}, "missing_lines": [], "excluded_lines": [], "executed_branches": [], "missing_branches": []}, "MLSScraperMetrics.time_lambda_execution": {"executed_lines": [306, 307, 308, 310, 311, 312, 318], "summary": {"covered_lines": 7, "num_statements": 7, "percent_covered": 100.0, "percent_covered_display": "100", "missing_lines": 0, "excluded_lines": 0, "num_branches": 0, "num_partial_branches": 0, "covered_branches": 0, "missing_branches": 0}, "missing_lines": [], "excluded_lines": [], "executed_branches": [], "missing_branches": []}, "get_metrics": {"executed_lines": [333], "summary": {"covered_lines": 1, "num_statements": 1, "percent_covered": 100.0, "percent_covered_display": "100", "missing_lines": 0, "excluded_lines": 0, "num_branches": 0, "num_partial_branches": 0, "covered_branches": 0, "missing_branches": 0}, "missing_lines": [], "excluded_lines": [], "executed_branches": [], "missing_branches": []}, "": {"executed_lines": [1, 9, 10, 11, 12, 13, 15, 16, 17, 18, 19, 22, 23, 30, 81, 99, 136, 166, 180, 194, 226, 240, 268, 269, 293, 294, 322, 326], "summary": {"covered_lines": 26, "num_statements": 26, "percent_covered": 100.0, "percent_covered_display": "100", "missing_lines": 0, "excluded_lines": 0, "num_branches": 0, "num_partial_branches": 0, "covered_branches": 0, "missing_branches": 0}, "missing_lines": [], "excluded_lines": [], "executed_branches": [], "missing_branches": []}}, "classes": {"MLSScraperMetrics": {"executed_lines": [40, 41, 44, 53, 60, 69, 72, 75, 78, 79, 88, 89, 91, 92, 93, 94, 95, 97, 103, 109, 116, 123, 130, 140, 146, 153, 160, 176, 177, 178, 190, 191, 192, 212, 213, 223, 224, 236, 237, 238, 256, 257, 265, 266, 282, 283, 284, 286, 287, 288, 291, 306, 307, 308, 310, 311, 312, 318], "summary": {"covered_lines": 58, "num_statements": 58, "percent_covered": 98.4375, "percent_covered_display": "98", "missing_lines": 0, "excluded_lines": 0, "num_branches": 6, "num_partial_branches": 1, "covered_branches": 5, "missing_branches": 1}, "missing_lines": [], "excluded_lines": [], "executed_branches": [[91, 92], [91, 97], [92, 93], [92, 97], [93, 94]], "missing_branches": [[93, 92]]}, "": {"executed_lines": [1, 9, 10, 11, 12, 13, 15, 16, 17, 18, 19, 22, 23, 30, 81, 99, 136, 166, 180, 194, 226, 240, 268, 269, 293, 294, 322, 326, 333], "summary": {"covered_lines": 27, "num_statements": 27, "percent_covered": 100.0, "percent_covered_display": "100", "missing_lines": 0, "excluded_lines": 0, "num_branches": 0, "num_partial_branches": 0, "covered_branches": 0, "missing_branches": 0}, "missing_lines": [], "excluded_lines": [], "executed_branches": [], "missing_branches": []}}}}, "totals": {"covered_lines": 1414, "num_statements": 3099, "percent_covered": 44.63444857496902, "percent_covered_display": "45", "missing_lines": 1685, "excluded_lines": 16, "num_branches": 936, "num_partial_branches": 97, "covered_branches": 387, "missing_branches": 549}}
